1528098677757	geckodriver	INFO	geckodriver 0.20.1
1528098677757	geckodriver	INFO	Listening on 127.0.0.1:57186
1528098680811	mozrunner::runner	INFO	Running command: "C:\\Program Files (x86)\\Mozilla Firefox\\firefox.exe" "-marionette" "-profile" "C:\\Users\\Lifull\\AppData\\Local\\Temp\\rust_mozprofile.9BI1209Bk4Yu"
Unable to read VR Path Registry from C:\Users\Lifull\AppData\Local\openvr\openvrpaths.vrpath
Unable to read VR Path Registry from C:\Users\Lifull\AppData\Local\openvr\openvrpaths.vrpath
Unable to read VR Path Registry from C:\Users\Lifull\AppData\Local\openvr\openvrpaths.vrpath
Unable to read VR Path Registry from C:\Users\Lifull\AppData\Local\openvr\openvrpaths.vrpath
Unable to read VR Path Registry from C:\Users\Lifull\AppData\Local\openvr\openvrpaths.vrpath
1528098682333	Marionette	INFO	Listening on port 57200
1528098682387	Marionette	WARN	TLS certificate errors will be ignored for this session
[Parent 6360, Gecko_IOThread] WARNING: pipe error: 109: file z:/build/build/src/ipc/chromium/src/chrome/common/ipc_channel_win.cc, line 346
[Child 6056, Chrome_ChildThread] WARNING: pipe error: 109: file z:/build/build/src/ipc/chromium/src/chrome/common/ipc_channel_win.cc, line 346
[Child 6056, Chr[Parent 6360, Gecko_IOThread] WARNING: pipe error: 109: file z:/build/build/src/ipc/chromium/src/chrome/common/ipc_channel_win.cc, line 346
[*** UTM:SVC TimerManager:registerTimer called after profile-before-change notification. Ignoring timer registration for id: telemetry_modules_ping

###!!! [Child][MessageChannel::SendAndWait] Error: Channel error: cannot send/recv

1528098706063	geckodriver	INFO	geckodriver 0.20.1
1528098706063	geckodriver	INFO	Listening on 127.0.0.1:57303
1528098709099	mozrunner::runner	INFO	Running command: "C:\\Program Files (x86)\\Mozilla Firefox\\firefox.exe" "-marionette" "-profile" "C:\\Users\\Lifull\\AppData\\Local\\Temp\\rust_mozprofile.IGGuWrCgi2o5"
Unable to read VR Path Registry from C:\Users\Lifull\AppData\Local\openvr\openvrpaths.vrpath
Unable to read VR Path Registry from C:\Users\Lifull\AppData\Local\openvr\openvrpaths.vrpath
Unable to read VR Path Registry from C:\Users\Lifull\AppData\Local\openvr\openvrpaths.vrpath
Unable to read VR Path Registry from C:\Users\Lifull\AppData\Local\openvr\openvrpaths.vrpath
Unable to read VR Path Registry from C:\Users\Lifull\AppData\Local\openvr\openvrpaths.vrpath
1528098710578	Marionette	INFO	Listening on port 57317
1528098710639	Marionette	WARN	TLS certificate errors will be ignored for this session
[Child 5784, Chrome_ChildThread] WARNING: pipe error: 109: file z:/build/build/src/ipc/chromium/src/chrome/common/ipc_channel_win.cc, line 346
[Child 5784, Chrome[Parent 960, Gecko_IOThread] WARNING: pipe error: 109: file z:/build/build/src/ipc/chromium/src/chrome/common/ipc_channel_win.cc, line 346
[Child 10380, Chrome_ChildThread] WARNING: pipe error: 109: file z:/build/build/src/ipc/chromium/src/chrome/common/ipc_channel_win.cc, line 346
[Child 10380, Chrome_ChildThread] WARNIN[Parent 960, Gecko_IOThread] WARNING: pipe error: 109: file z:/build/build/src/ipc/chromium/src/chrome/common/ipc_channel_win.cc, line 346
[Child 7416, Chrome_ChildThread] WARNING: pipe error: 109: file z:/build/build/src/ipc/chromium/src/chrome/common/ipc_channel_win.cc, line 346
[Child 7416, Chrome_ChildThr*** UTM:SVC TimerManager:registerTimer called after profile-before-change notification. Ignoring timer registration for id: telemetry_modules_ping

###!!! [Child][MessageChannel::SendAndWait] Error: Channel error: cannot send/recv

1528098810365	geckodriver	INFO	geckodriver 0.20.1
1528098810365	geckodriver	INFO	Listening on 127.0.0.1:57571
1528098813411	mozrunner::runner	INFO	Running command: "C:\\Program Files (x86)\\Mozilla Firefox\\firefox.exe" "-marionette" "-profile" "C:\\Users\\Lifull\\AppData\\Local\\Temp\\rust_mozprofile.P3M7dseDZzEq"
Unable to read VR Path Registry from C:\Users\Lifull\AppData\Local\openvr\openvrpaths.vrpath
Unable to read VR Path Registry from C:\Users\Lifull\AppData\Local\openvr\openvrpaths.vrpath
Unable to read VR Path Registry from C:\Users\Lifull\AppData\Local\openvr\openvrpaths.vrpath
Unable to read VR Path Registry from C:\Users\Lifull\AppData\Local\openvr\openvrpaths.vrpath
Unable to read VR Path Registry from C:\Users\Lifull\AppData\Local\openvr\openvrpaths.vrpath
1528098814844	Marionette	INFO	Listening on port 57585
1528098814935	Marionette	WARN	TLS certificate errors will be ignored for this session
[Parent 680, Gecko_IOThread] WARNING: pipe error: 109: file z:/build/build/src/ipc/chromium/src/chrome/common/ipc_channel_win.cc, line 346
[Child 2388, Chrome_ChildThread] WARNING: pipe error: 109: file z:/build/build/src/ipc/chromium/src/chrome/common/ipc_channel_win.cc, line 346
[Child 2388, Chrome_ChildThread] WARNING: pipe error: 109: file z:/build/build/src/ipc/chromium/src/chrome/common/ipc_channel_win.cc, line 346
[Child 12020, Chrome_ChildThread] WARNING: pipe error: 109: file z:/build/build/src/ipc/chromium/src/chrome/common/ipc_channel_win.cc, line 346
[Child 12020, Chrome_ChildThread] WARNING: pipe er[Parent 680, Gecko_IOThread] WARNING: pipe error: 109: file z:/build/build/src/ipc/chromium/src/chrome/common/ipc_channel_win.cc, line 346
[Child 8156, Chrome_ChildThread] WARNING: pipe error: 109: file z:/build/build/src/ipc/chromium/src/chrome/common/ipc_channel_win.cc, line 346
[Child 8156, Chrome_ChildThread] WARNING: *** UTM:SVC TimerManager:registerTimer called after profile-before-change notification. Ignoring timer registration for id: telemetry_modules_ping

###!!! [Child][MessageChannel::SendAndWait] Error: Channel error: cannot send/recv

1528098847149	geckodriver	INFO	geckodriver 0.20.1
1528098847165	geckodriver	INFO	Listening on 127.0.0.1:57708
1528098850187	mozrunner::runner	INFO	Running command: "C:\\Program Files (x86)\\Mozilla Firefox\\firefox.exe" "-marionette" "-profile" "C:\\Users\\Lifull\\AppData\\Local\\Temp\\rust_mozprofile.JwJEyCHjvM6q"
Unable to read VR Path Registry from C:\Users\Lifull\AppData\Local\openvr\openvrpaths.vrpath
Unable to read VR Path Registry from C:\Users\Lifull\AppData\Local\openvr\openvrpaths.vrpath
Unable to read VR Path Registry from C:\Users\Lifull\AppData\Local\openvr\openvrpaths.vrpath
Unable to read VR Path Registry from C:\Users\Lifull\AppData\Local\openvr\openvrpaths.vrpath
Unable to read VR Path Registry from C:\Users\Lifull\AppData\Local\openvr\openvrpaths.vrpath
1528098851589	Marionette	INFO	Listening on port 57722
1528098851710	Marionette	WARN	TLS certificate errors will be ignored for this session
[Child 6880, Chrome_ChildThread] WARNING: pipe error: 109: file z:/build/build/src/ipc/chromium/src/chrome/common/ipc_channel_win.cc, line 346
[Parent 6708, Gecko_IOThread] WARNING: pipe error: 109: file z:/build/build/src/ipc/chromium/src/chrome/common/ipc_channel_win.cc, line 346
[Child 6148, Chrome_ChildThread] WARNING: pipe error: 109: file z:/build/build/src/ipc/chromium/src/chrome/common/ipc_channel_win.cc, line 346
[Child 6148, Chrome_ChildThread] WARNING: pipe error: 109: file z:/build/build/src/ipc/chromium/src
###!!! [Child][MessageChannel::SendAndWait] Error: Channel error: cannot send/recv

1528266056232	geckodriver	INFO	geckodriver 0.20.1
1528266056250	geckodriver	INFO	Listening on 127.0.0.1:62263
1528266059329	mozrunner::runner	INFO	Running command: "C:\\Program Files (x86)\\Mozilla Firefox\\firefox.exe" "-marionette" "-profile" "C:\\Users\\Lifull\\AppData\\Local\\Temp\\rust_mozprofile.jbBXO0MrsuW6"
Unable to read VR Path Registry from C:\Users\Lifull\AppData\Local\openvr\openvrpaths.vrpath
Unable to read VR Path Registry from C:\Users\Lifull\AppData\Local\openvr\openvrpaths.vrpath
Unable to read VR Path Registry from C:\Users\Lifull\AppData\Local\openvr\openvrpaths.vrpath
Unable to read VR Path Registry from C:\Users\Lifull\AppData\Local\openvr\openvrpaths.vrpath
Unable to read VR Path Registry from C:\Users\Lifull\AppData\Local\openvr\openvrpaths.vrpath
1528266060957	Marionette	INFO	Listening on port 62277
1528266061344	Marionette	WARN	TLS certificate errors will be ignored for this session
JavaScript warning: https://ajax.googleapis.com/ajax/libs/jquery/1.4.2/jquery.js, line 3686: unreachable code after return statement
JavaScript warning: https://front.chatwork.com/build/e94e209130e85cefe072d6aa79daf329717735c7/app/index.js, line 0: Successfully compiled asm.js code (total compilation time 1ms; not stored in cache (too small to benefit))
[Parent 1760, Gecko_IOThread] WARNING: pipe error: 109: file z:/build/build/src/ipc/chromium/src/chrome/common/ipc_channel_win.cc, line 346
[Parent 1760, Gecko_IOThread] WARNING: pipe error: 109: file z:/build/build/src/ipc/chromium/src/chrome/common/ipc_channel_win.cc, line 346
[Child 3848, Chrome_ChildThread] WARNING: pipe error: 109: file z:/build/build/src/ipc/chromium/src/chrome/common/ipc_channel_win.cc, line 346
[Child 3848, Chrome_ChildThread] WARNING: pipe error: 109: file z:/build/build/src/ipc/chromium/src/chrome/common/ipc_channel_win.cc, line 346
[Parent 1760, Gecko_IOThread] WARNING: pipe error: 109: file z:/build/build/src/ipc/chromium/src/chrome/common/ipc_channel_win.cc, line 346
*** UTM:SVC TimerManager:registerTimer called after profile-before-change notification. Ignoring timer registration for id: telemetry_modules_ping

###!!! [Child][MessageChannel::SendAndWait] Error: Channel error: cannot send/recv

1528266090419	geckodriver	INFO	geckodriver 0.20.1
1528266090426	geckodriver	INFO	Listening on 127.0.0.1:62442
1528266093461	mozrunner::runner	INFO	Running command: "C:\\Program Files (x86)\\Mozilla Firefox\\firefox.exe" "-marionette" "-profile" "C:\\Users\\Lifull\\AppData\\Local\\Temp\\rust_mozprofile.Kwg9Qfm76JVO"
Unable to read VR Path Registry from C:\Users\Lifull\AppData\Local\openvr\openvrpaths.vrpath
Unable to read VR Path Registry from C:\Users\Lifull\AppData\Local\openvr\openvrpaths.vrpath
Unable to read VR Path Registry from C:\Users\Lifull\AppData\Local\openvr\openvrpaths.vrpath
Unable to read VR Path Registry from C:\Users\Lifull\AppData\Local\openvr\openvrpaths.vrpath
Unable to read VR Path Registry from C:\Users\Lifull\AppData\Local\openvr\openvrpaths.vrpath
1528266094731	Marionette	INFO	Listening on port 62456
1528266094970	Marionette	WARN	TLS certificate errors will be ignored for this session
JavaScript warning: https://ajax.googleapis.com/ajax/libs/jquery/1.4.2/jquery.js, line 3686: unreachable code after return statement
JavaScript warning: https://front.chatwork.com/build/e94e209130e85cefe072d6aa79daf329717735c7/app/index.js, line 0: Successfully compiled asm.js code (total compilation time 1ms; not stored in cache (too small to benefit))
[Child 2364, Chrome_ChildThread] WARNING: pipe error: 109: file z:/build/build/src/ipc/chromium/src/chrome/common/ipc_channel_win.cc, line 346
[Child 2364, Chrome_C[Parent 5680, Gecko_IOThread] WARNING: pipe error: 109: file z:/build/build/src/ipc/chromium/src/chrome/common/ipc_channel_win.cc, line 346
[Child 11464, Chrome_ChildThread] WARNING: pipe error: 109: file z:/build/build/src/ipc/chromium/src/chrome/common/ipc_channel_win.cc, line 346
[Child 11464, Chrome_ChildThrea[GPU 3568, Chrome_ChildThread] WARNING: pipe error: 109: file z:/build/build/src/ipc/chromium/src/chrome/common/ipc_channel_win.cc, line 346

###!!! [Child][MessageChannel::SendAndWait] Error: Channel error: cannot send/recv

1530178473559	geckodriver	INFO	geckodriver 0.20.1
1530178473577	geckodriver	INFO	Listening on 127.0.0.1:50619
1530178476633	mozrunner::runner	INFO	Running command: "C:\\Program Files (x86)\\Mozilla Firefox\\firefox.exe" "-marionette" "-profile" "C:\\Users\\Lifull\\AppData\\Local\\Temp\\rust_mozprofile.mmikXD2ugtwo"
Unable to read VR Path Registry from C:\Users\Lifull\AppData\Local\openvr\openvrpaths.vrpath
Unable to read VR Path Registry from C:\Users\Lifull\AppData\Local\openvr\openvrpaths.vrpath
Unable to read VR Path Registry from C:\Users\Lifull\AppData\Local\openvr\openvrpaths.vrpath
Unable to read VR Path Registry from C:\Users\Lifull\AppData\Local\openvr\openvrpaths.vrpath
Unable to read VR Path Registry from C:\Users\Lifull\AppData\Local\openvr\openvrpaths.vrpath
1530178478632	Marionette	INFO	Listening on port 50637
1530178478648	Marionette	WARN	TLS certificate errors will be ignored for this session
[Parent 10292, Gecko_IOThread] WARNING: pipe error: 109: file z:/build/build/src/ipc/chromium/src/chrome/common/ipc_channel_win.cc, line 346
[Parent 10292, Gecko_IOThread] WARNING: pipe error: 109: file z:/build/build/src/ipc/chromium/src/chrome/common/ipc_channel_win.cc, line 346
[Child 6128, Chrome_ChildThread] WARNING: pipe error: 109: file z:/build/build/src/ipc/chromium/src/chrome/common/ipc_channel_win.cc, line 346
[Child 6128, Chrome_ChildThread] WARNING: pi*** UTM:SVC TimerManager:registerTimer called after profile-before-change notification. Ignoring timer registration for id: telemetry_modules_ping

###!!! [Child][MessageChannel::SendAndWait] Error: Channel error: cannot send/recv

1532415946994	geckodriver	INFO	geckodriver 0.20.1
1532415947012	geckodriver	INFO	Listening on 127.0.0.1:61622
1532415950089	mozrunner::runner	INFO	Running command: "C:\\Program Files (x86)\\Mozilla Firefox\\firefox.exe" "-marionette" "-profile" "C:\\Users\\Lifull\\AppData\\Local\\Temp\\rust_mozprofile.Ir8aHxYzSHkU"
Unable to read VR Path Registry from C:\Users\Lifull\AppData\Local\openvr\openvrpaths.vrpath
Unable to read VR Path Registry from C:\Users\Lifull\AppData\Local\openvr\openvrpaths.vrpath
Unable to read VR Path Registry from C:\Users\Lifull\AppData\Local\openvr\openvrpaths.vrpath
Unable to read VR Path Registry from C:\Users\Lifull\AppData\Local\openvr\openvrpaths.vrpath
Unable to read VR Path Registry from C:\Users\Lifull\AppData\Local\openvr\openvrpaths.vrpath
1532415951721	Marionette	INFO	Listening on port 61640
1532415952101	Marionette	WARN	TLS certificate errors will be ignored for this session
[Parent 2148, Gecko_IOThread] WARNING: pipe error: 109: file z:/build/build/src/ipc/chromium/src/chrome/common/ipc_channel_win.cc, line 346
[Parent 2148, Gecko_IOThread] WARNING: pipe error: 109: file z:/build/build/src/ipc/chromium/src/chrome/common/ipc_channel_win.cc, line 346
[Child 9396, Chrome_ChildThread] WARNING: pipe error: 109: file z:/build/build/src/ipc/chromium/src/chrome/common/ipc_channel_win.cc, line 346
[Child 9396, Chrome_Chi[Child 8228, Chrome_ChildThread] WARNING: pipe error: 109: file z:/build/build/src/ipc/chromium/src/chrome/common/ipc_channel_win.cc, line 346
[Child 8228, Ch[Parent 2148, Gecko_IOThread] WARNING: pipe error: 109: file z:/build/build/src/ipc/chromium/src/chrome/common/ipc_channel_win.cc, line 346
*** UTM:SVC TimerManager:registerTimer called after profile-before-change notification. Ignoring timer registration for id: telemetry_modules_ping
[GPU 6824, Chrom
###!!! [Child][MessageChannel::SendAndWait] Error: Channel error: cannot send/recv

1532418723015	geckodriver	INFO	geckodriver 0.20.1
1532418723022	geckodriver	INFO	Listening on 127.0.0.1:56181
1532418726063	mozrunner::runner	INFO	Running command: "C:\\Program Files (x86)\\Mozilla Firefox\\firefox.exe" "-marionette" "-headless" "-profile" "C:\\Users\\Lifull\\AppData\\Local\\Temp\\rust_mozprofile.9i5PYuHPGVeD"
*** You are running in headless mode.
Unable to read VR Path Registry from C:\Users\Lifull\AppData\Local\openvr\openvrpaths.vrpath
Unable to read VR Path Registry from C:\Users\Lifull\AppData\Local\openvr\openvrpaths.vrpath
Unable to read VR Path Registry from C:\Users\Lifull\AppData\Local\openvr\openvrpaths.vrpath
Unable to read VR Path Registry from C:\Users\Lifull\AppData\Local\openvr\openvrpaths.vrpath
1532418727466	Marionette	INFO	Listening on port 56200
1532418727584	Marionette	WARN	TLS certificate errors will be ignored for this session
1532418814457	geckodriver	INFO	geckodriver 0.20.1
1532418814464	geckodriver	INFO	Listening on 127.0.0.1:56542
1532418817502	mozrunner::runner	INFO	Running command: "C:\\Program Files (x86)\\Mozilla Firefox\\firefox.exe" "-marionette" "-profile" "C:\\Users\\Lifull\\AppData\\Local\\Temp\\rust_mozprofile.LkusUI1QBk21"
Unable to read VR Path Registry from C:\Users\Lifull\AppData\Local\openvr\openvrpaths.vrpath
Unable to read VR Path Registry from C:\Users\Lifull\AppData\Local\openvr\openvrpaths.vrpath
Unable to read VR Path Registry from C:\Users\Lifull\AppData\Local\openvr\openvrpaths.vrpath
Unable to read VR Path Registry from C:\Users\Lifull\AppData\Local\openvr\openvrpaths.vrpath
Unable to read VR Path Registry from C:\Users\Lifull\AppData\Local\openvr\openvrpaths.vrpath
1532418818779	Marionette	INFO	Listening on port 56560
1532418819011	Marionette	WARN	TLS certificate errors will be ignored for this session
[Child 796, Chrome_ChildThread] WARNING: pipe error: 109: file z:/build/build/src/ipc/chromium/src/chrome/common/ipc_channel_win.cc, line 346
[Child 796, Chrom[Child 6836, Chrome_ChildThread] WARNING: pipe error: 109: file z:/build/build/src/ipc/chromium/src/chrome/common/ipc_channel_win.cc, line 346
[Child 6836, Chrome_ChildThread] WARNING[Parent 5272, Gecko_IOThread] WARNING: pipe error: 109: file z:/build/build/src/ipc/chromium/src/chrome/common/ipc_channel_win.cc, line 346
[Child 9756, Chrome_ChildThread] WARNING: pipe error: 109: file z:/build/build/src/ipc/chromium/src/chrome/common/ipc_channel_win.cc, line 346
[Child 9756, Chrome_ChildThread] WARNING: p*** UTM:SVC TimerManager:registerTimer called after profile-before-change notification. Ignoring timer registration for id: telemetry_modules_ping
[GPU 9428, Chrome_C
###!!! [Child][MessageChannel::SendAndWait] Error: Channel error: cannot send/recv

1532418864217	geckodriver	INFO	geckodriver 0.20.1
1532418864224	geckodriver	INFO	Listening on 127.0.0.1:56762
1532418867263	mozrunner::runner	INFO	Running command: "C:\\Program Files (x86)\\Mozilla Firefox\\firefox.exe" "-marionette" "-profile" "C:\\Users\\Lifull\\AppData\\Local\\Temp\\rust_mozprofile.1OMi0dxvayYF"
Unable to read VR Path Registry from C:\Users\Lifull\AppData\Local\openvr\openvrpaths.vrpath
Unable to read VR Path Registry from C:\Users\Lifull\AppData\Local\openvr\openvrpaths.vrpath
Unable to read VR Path Registry from C:\Users\Lifull\AppData\Local\openvr\openvrpaths.vrpath
Unable to read VR Path Registry from C:\Users\Lifull\AppData\Local\openvr\openvrpaths.vrpath
Unable to read VR Path Registry from C:\Users\Lifull\AppData\Local\openvr\openvrpaths.vrpath
1532418868527	Marionette	INFO	Listening on port 56780
1532418868774	Marionette	WARN	TLS certificate errors will be ignored for this session
JavaScript warning: https://cdn.zarget.com/179700/477681.js, line 3: unreachable code after return statement
JavaScript warning: https://cdn.tokopedia.net/built/assets-201807-22c60065c3a6a5af586f3713d24af536.js, line 1678: unreachable code after return statement
JavaScript warning: https://www.googletagmanager.com/gtag/js?id=DC-8603974, line 69: unreachable code after return statement
JavaScript warning: https://www.googletagmanager.com/gtag/js?id=DC-8603974, line 69: unreachable code after return statement
JavaScript warning: https://www.googletagmanager.com/gtag/js?id=DC-8603974, line 69: unreachable code after return statement
JavaScript warning: https://www.googletagmanager.com/gtag/js?id=DC-8603974, line 69: unreachable code after return statement
[Parent 6184, Gecko_IOThread] WARNING: pipe error: 109: file z:/build/build/src/ipc/chromium/src/chrome/common/ipc_channel_win.cc, line 346
[Parent 6184, Gecko_IOThread] WARNING: pipe error: 109: file z:/build/build/src/ipc/chromium/src/chrome/common/ipc_channel_win.cc, line 346
[Child 7452, Chrome_ChildThread] WARNING: pipe error: 109: file z:/build/build/src/ipc/chromium/src/chrome/common/ipc_channel_win.cc, line 346
[Child 7452, Chrome_ChildThread] WARNING: pipe error: 109: file [Parent 6184, Gecko_IOThread] WARNING: pipe error: 109: file z:/build/build/src/ipc/chromium/src/chrome/common/ipc_channel_win.cc, line 346
[Child 6356, Chrome_ChildThread] WARNING: pipe error: 109: file z:/build/build/src/ipc/chromium/src/chrome/common/ipc_channel_win.cc, line 346
[Child 6356, Chrome_ChildThread] WARNING: pipe error: 109: file z:/build/build/src/ipc/chromium/src/chrome/common/ipc_channel_win.cc,*** UTM:SVC TimerManager:registerTimer called after profile-before-change notification. Ignoring timer registration for id: telemetry_modules_ping
[GPU 11992, Chro
###!!! [Child][MessageChannel::SendAndWait] Error: Channel error: cannot send/recv

1532418959093	geckodriver	INFO	geckodriver 0.20.1
1532418959099	geckodriver	INFO	Listening on 127.0.0.1:57230
1532418962139	mozrunner::runner	INFO	Running command: "C:\\Program Files (x86)\\Mozilla Firefox\\firefox.exe" "-marionette" "-profile" "C:\\Users\\Lifull\\AppData\\Local\\Temp\\rust_mozprofile.ClA7J73CKzin"
Unable to read VR Path Registry from C:\Users\Lifull\AppData\Local\openvr\openvrpaths.vrpath
Unable to read VR Path Registry from C:\Users\Lifull\AppData\Local\openvr\openvrpaths.vrpath
Unable to read VR Path Registry from C:\Users\Lifull\AppData\Local\openvr\openvrpaths.vrpath
Unable to read VR Path Registry from C:\Users\Lifull\AppData\Local\openvr\openvrpaths.vrpath
Unable to read VR Path Registry from C:\Users\Lifull\AppData\Local\openvr\openvrpaths.vrpath
1532418963616	Marionette	INFO	Listening on port 57249
1532418963665	Marionette	WARN	TLS certificate errors will be ignored for this session
JavaScript warning: https://cdn.zarget.com/179700/477681.js, line 3: unreachable code after return statement
JavaScript warning: https://cdn.tokopedia.net/built/assets-201807-22c60065c3a6a5af586f3713d24af536.js, line 1678: unreachable code after return statement
JavaScript warning: https://www.googletagmanager.com/gtag/js?id=DC-8603974, line 69: unreachable code after return statement
JavaScript warning: https://www.googletagmanager.com/gtag/js?id=DC-8603974, line 69: unreachable code after return statement
JavaScript warning: https://www.googletagmanager.com/gtag/js?id=DC-8603974, line 69: unreachable code after return statement
JavaScript warning: https://www.googletagmanager.com/gtag/js?id=DC-8603974, line 69: unreachable code after return statement
JavaScript error: https://accounts.tokopedia.com/ibzhraviuwovypvw.js, line 1: NS_ERROR_FAILURE: 
[Parent 6972, Gecko_IOThread] WARNING: pipe error: 109: file z:/build/build/src/ipc/chromium/src/chrome/common/ipc_channel_win.cc, line 346
[Child 8992, Chrome_ChildThread] WARNING: pipe error: 109: file z:/build/build/src/ipc/chromium/src/chrome/common/ipc_channel_win.cc, line 346
[Child 8992, Chrome_ChildThread] WARNING: pi[Parent 6972, Gecko_IOThread] WARNING: pipe error: 109: file z:/build/build/src/ipc/chromium/src/chrome/common/ipc_channel_win.cc, line 346
[Child 13272, [GPU 8944, Chrome_Ch
###!!! [Child][MessageChannel::SendAndWait] Error: Channel error: cannot send/recv

1532419121605	geckodriver	INFO	geckodriver 0.20.1
1532419121612	geckodriver	INFO	Listening on 127.0.0.1:57936
1532419124645	mozrunner::runner	INFO	Running command: "C:\\Program Files (x86)\\Mozilla Firefox\\firefox.exe" "-marionette" "-headless" "-profile" "C:\\Users\\Lifull\\AppData\\Local\\Temp\\rust_mozprofile.qpMZZliNTD4u"
*** You are running in headless mode.
Unable to read VR Path Registry from C:\Users\Lifull\AppData\Local\openvr\openvrpaths.vrpath
Unable to read VR Path Registry from C:\Users\Lifull\AppData\Local\openvr\openvrpaths.vrpath
Unable to read VR Path Registry from C:\Users\Lifull\AppData\Local\openvr\openvrpaths.vrpath
Unable to read VR Path Registry from C:\Users\Lifull\AppData\Local\openvr\openvrpaths.vrpath
1532419126063	Marionette	INFO	Listening on port 57954
1532419126174	Marionette	WARN	TLS certificate errors will be ignored for this session
JavaScript warning: https://cdn.zarget.com/179700/477681.js, line 3: unreachable code after return statement
JavaScript warning: https://cdn.tokopedia.net/built/assets-201807-22c60065c3a6a5af586f3713d24af536.js, line 1678: unreachable code after return statement
JavaScript warning: https://cdn.tokopedia.net/built/assets-201807-22c60065c3a6a5af586f3713d24af536.js, line 1475: Error: WebGL warning: Can't use WebGL in headless mode (https://bugzil.la/1375585).
JavaScript warning: https://cdn.tokopedia.net/built/assets-201807-22c60065c3a6a5af586f3713d24af536.js, line 1475: Error: WebGL warning: Failed to create WebGL context: WebGL creation failed: 
* Can't use WebGL in headless mode (https://bugzil.la/1375585).
JavaScript warning: https://cdn.tokopedia.net/built/assets-201807-22c60065c3a6a5af586f3713d24af536.js, line 1475: Error: WebGL warning: Can't use WebGL in headless mode (https://bugzil.la/1375585).
JavaScript warning: https://cdn.tokopedia.net/built/assets-201807-22c60065c3a6a5af586f3713d24af536.js, line 1475: Error: WebGL warning: Failed to create WebGL context: WebGL creation failed: 
* Can't use WebGL in headless mode (https://bugzil.la/1375585).
JavaScript warning: https://www.tokopedia.com/ibzhraviuwovypvwxhr.js, line 1: Error: WebGL warning: Can't use WebGL in headless mode (https://bugzil.la/1375585).
JavaScript warning: https://www.tokopedia.com/ibzhraviuwovypvwxhr.js, line 1: Error: WebGL warning: Failed to create WebGL context: WebGL creation failed: 
* Can't use WebGL in headless mode (https://bugzil.la/1375585).
JavaScript warning: https://www.tokopedia.com/ibzhraviuwovypvwxhr.js, line 1: Error: WebGL warning: Can't use WebGL in headless mode (https://bugzil.la/1375585).
JavaScript warning: https://www.tokopedia.com/ibzhraviuwovypvwxhr.js, line 1: Error: WebGL warning: Failed to create WebGL context: WebGL creation failed: 
* Can't use WebGL in headless mode (https://bugzil.la/1375585).
JavaScript warning: https://www.googletagmanager.com/gtag/js?id=DC-8603974, line 69: unreachable code after return statement
JavaScript warning: https://www.googletagmanager.com/gtag/js?id=DC-8603974, line 69: unreachable code after return statement
JavaScript warning: https://ecs7.tokopedia.net/scripts/global.fingerprintjs2.1.4.2.min.js, line 1: Error: WebGL warning: Can't use WebGL in headless mode (https://bugzil.la/1375585).
JavaScript warning: https://ecs7.tokopedia.net/scripts/global.fingerprintjs2.1.4.2.min.js, line 1: Error: WebGL warning: Failed to create WebGL context: WebGL creation failed: 
* Can't use WebGL in headless mode (https://bugzil.la/1375585).
JavaScript warning: https://ecs7.tokopedia.net/scripts/global.fingerprintjs2.1.4.2.min.js, line 1: Error: WebGL warning: Can't use WebGL in headless mode (https://bugzil.la/1375585).
JavaScript warning: https://ecs7.tokopedia.net/scripts/global.fingerprintjs2.1.4.2.min.js, line 1: Error: WebGL warning: Failed to create WebGL context: WebGL creation failed: 
* Can't use WebGL in headless mode (https://bugzil.la/1375585).
JavaScript warning: https://cdn.tokopedia.net/built/e11858506b9142ee56d28349ba6c017c.js, line 675: Error: WebGL warning: Can't use WebGL in headless mode (https://bugzil.la/1375585).
JavaScript warning: https://cdn.tokopedia.net/built/e11858506b9142ee56d28349ba6c017c.js, line 675: Error: WebGL warning: Failed to create WebGL context: WebGL creation failed: 
* Can't use WebGL in headless mode (https://bugzil.la/1375585).
JavaScript warning: https://cdn.tokopedia.net/built/e11858506b9142ee56d28349ba6c017c.js, line 675: Error: WebGL warning: Can't use WebGL in headless mode (https://bugzil.la/1375585).
JavaScript warning: https://cdn.tokopedia.net/built/e11858506b9142ee56d28349ba6c017c.js, line 675: Error: WebGL warning: Failed to create WebGL context: WebGL creation failed: 
* Can't use WebGL in headless mode (https://bugzil.la/1375585).
JavaScript warning: https://accounts.tokopedia.com/ibzhraviuwovypvwxhr.js, line 1: Error: WebGL warning: Can't use WebGL in headless mode (https://bugzil.la/1375585).
JavaScript warning: https://accounts.tokopedia.com/ibzhraviuwovypvwxhr.js, line 1: Error: WebGL warning: Failed to create WebGL context: WebGL creation failed: 
* Can't use WebGL in headless mode (https://bugzil.la/1375585).
JavaScript warning: https://accounts.tokopedia.com/ibzhraviuwovypvwxhr.js, line 1: Error: WebGL warning: Can't use WebGL in headless mode (https://bugzil.la/1375585).
JavaScript warning: https://accounts.tokopedia.com/ibzhraviuwovypvwxhr.js, line 1: Error: WebGL warning: Failed to create WebGL context: WebGL creation failed: 
* Can't use WebGL in headless mode (https://bugzil.la/1375585).
JavaScript warning: https://cdn.tokopedia.net/built/e11858506b9142ee56d28349ba6c017c.js, line 675: Error: WebGL warning: Can't use WebGL in headless mode (https://bugzil.la/1375585).
JavaScript warning: https://cdn.tokopedia.net/built/e11858506b9142ee56d28349ba6c017c.js, line 675: Error: WebGL warning: Failed to create WebGL context: WebGL creation failed: 
* Can't use WebGL in headless mode (https://bugzil.la/1375585).
JavaScript warning: https://cdn.tokopedia.net/built/e11858506b9142ee56d28349ba6c017c.js, line 675: Error: WebGL warning: Can't use WebGL in headless mode (https://bugzil.la/1375585).
JavaScript warning: https://cdn.tokopedia.net/built/e11858506b9142ee56d28349ba6c017c.js, line 675: Error: WebGL warning: Failed to create WebGL context: WebGL creation failed: 
* Can't use WebGL in headless mode (https://bugzil.la/1375585).
JavaScript error: https://accounts.tokopedia.com/ibzhraviuwovypvw.js, line 1: NS_ERROR_FAILURE: 
JavaScript warning: https://www.googletagmanager.com/gtag/js?id=DC-8603974, line 69: unreachable code after return statement
JavaScript warning: https://www.googletagmanager.com/gtag/js?id=DC-8603974, line 69: unreachable code after return statement
JavaScript warning: https://ecs7.tokopedia.net/scripts/global.fingerprintjs2.1.4.2.min.js, line 1: Error: WebGL warning: Can't use WebGL in headless mode (https://bugzil.la/1375585).
JavaScript warning: https://ecs7.tokopedia.net/scripts/global.fingerprintjs2.1.4.2.min.js, line 1: Error: WebGL warning: Failed to create WebGL context: WebGL creation failed: 
* Can't use WebGL in headless mode (https://bugzil.la/1375585).
JavaScript warning: https://ecs7.tokopedia.net/scripts/global.fingerprintjs2.1.4.2.min.js, line 1: Error: WebGL warning: Can't use WebGL in headless mode (https://bugzil.la/1375585).
JavaScript warning: https://ecs7.tokopedia.net/scripts/global.fingerprintjs2.1.4.2.min.js, line 1: Error: WebGL warning: Failed to create WebGL context: WebGL creation failed: 
* Can't use WebGL in headless mode (https://bugzil.la/1375585).
1532419459997	geckodriver	INFO	geckodriver 0.20.1
1532419460004	geckodriver	INFO	Listening on 127.0.0.1:59572
1532419463042	mozrunner::runner	INFO	Running command: "C:\\Program Files (x86)\\Mozilla Firefox\\firefox.exe" "-marionette" "-headless" "-profile" "C:\\Users\\Lifull\\AppData\\Local\\Temp\\rust_mozprofile.CU1Iackou3pW"
*** You are running in headless mode.
Unable to read VR Path Registry from C:\Users\Lifull\AppData\Local\openvr\openvrpaths.vrpath
Unable to read VR Path Registry from C:\Users\Lifull\AppData\Local\openvr\openvrpaths.vrpath
Unable to read VR Path Registry from C:\Users\Lifull\AppData\Local\openvr\openvrpaths.vrpath
Unable to read VR Path Registry from C:\Users\Lifull\AppData\Local\openvr\openvrpaths.vrpath
1532419464278	Marionette	INFO	Listening on port 59594
1532419464552	Marionette	WARN	TLS certificate errors will be ignored for this session
JavaScript warning: https://cdn.zarget.com/179700/477681.js, line 3: unreachable code after return statement
JavaScript warning: https://cdn.tokopedia.net/built/assets-201807-22c60065c3a6a5af586f3713d24af536.js, line 1678: unreachable code after return statement
JavaScript warning: https://cdn.tokopedia.net/built/assets-201807-22c60065c3a6a5af586f3713d24af536.js, line 1475: Error: WebGL warning: Can't use WebGL in headless mode (https://bugzil.la/1375585).
JavaScript warning: https://cdn.tokopedia.net/built/assets-201807-22c60065c3a6a5af586f3713d24af536.js, line 1475: Error: WebGL warning: Failed to create WebGL context: WebGL creation failed: 
* Can't use WebGL in headless mode (https://bugzil.la/1375585).
JavaScript warning: https://cdn.tokopedia.net/built/assets-201807-22c60065c3a6a5af586f3713d24af536.js, line 1475: Error: WebGL warning: Can't use WebGL in headless mode (https://bugzil.la/1375585).
JavaScript warning: https://cdn.tokopedia.net/built/assets-201807-22c60065c3a6a5af586f3713d24af536.js, line 1475: Error: WebGL warning: Failed to create WebGL context: WebGL creation failed: 
* Can't use WebGL in headless mode (https://bugzil.la/1375585).
JavaScript warning: https://www.googletagmanager.com/gtag/js?id=DC-8603974, line 69: unreachable code after return statement
JavaScript warning: https://www.googletagmanager.com/gtag/js?id=DC-8603974, line 69: unreachable code after return statement
JavaScript warning: https://ecs7.tokopedia.net/scripts/global.fingerprintjs2.1.4.2.min.js, line 1: Error: WebGL warning: Can't use WebGL in headless mode (https://bugzil.la/1375585).
JavaScript warning: https://ecs7.tokopedia.net/scripts/global.fingerprintjs2.1.4.2.min.js, line 1: Error: WebGL warning: Failed to create WebGL context: WebGL creation failed: 
* Can't use WebGL in headless mode (https://bugzil.la/1375585).
JavaScript warning: https://ecs7.tokopedia.net/scripts/global.fingerprintjs2.1.4.2.min.js, line 1: Error: WebGL warning: Can't use WebGL in headless mode (https://bugzil.la/1375585).
JavaScript warning: https://ecs7.tokopedia.net/scripts/global.fingerprintjs2.1.4.2.min.js, line 1: Error: WebGL warning: Failed to create WebGL context: WebGL creation failed: 
* Can't use WebGL in headless mode (https://bugzil.la/1375585).
JavaScript warning: https://cdn.tokopedia.net/built/e11858506b9142ee56d28349ba6c017c.js, line 675: Error: WebGL warning: Can't use WebGL in headless mode (https://bugzil.la/1375585).
JavaScript warning: https://cdn.tokopedia.net/built/e11858506b9142ee56d28349ba6c017c.js, line 675: Error: WebGL warning: Failed to create WebGL context: WebGL creation failed: 
* Can't use WebGL in headless mode (https://bugzil.la/1375585).
JavaScript warning: https://cdn.tokopedia.net/built/e11858506b9142ee56d28349ba6c017c.js, line 675: Error: WebGL warning: Can't use WebGL in headless mode (https://bugzil.la/1375585).
JavaScript warning: https://cdn.tokopedia.net/built/e11858506b9142ee56d28349ba6c017c.js, line 675: Error: WebGL warning: Failed to create WebGL context: WebGL creation failed: 
* Can't use WebGL in headless mode (https://bugzil.la/1375585).
JavaScript warning: https://accounts.tokopedia.com/ibzhraviuwovypvwxhr.js, line 1: Error: WebGL warning: Can't use WebGL in headless mode (https://bugzil.la/1375585).
JavaScript warning: https://accounts.tokopedia.com/ibzhraviuwovypvwxhr.js, line 1: Error: WebGL warning: Failed to create WebGL context: WebGL creation failed: 
* Can't use WebGL in headless mode (https://bugzil.la/1375585).
JavaScript warning: https://accounts.tokopedia.com/ibzhraviuwovypvwxhr.js, line 1: Error: WebGL warning: Can't use WebGL in headless mode (https://bugzil.la/1375585).
JavaScript warning: https://accounts.tokopedia.com/ibzhraviuwovypvwxhr.js, line 1: Error: WebGL warning: Failed to create WebGL context: WebGL creation failed: 
* Can't use WebGL in headless mode (https://bugzil.la/1375585).
JavaScript warning: https://cdn.tokopedia.net/built/e11858506b9142ee56d28349ba6c017c.js, line 675: Error: WebGL warning: Can't use WebGL in headless mode (https://bugzil.la/1375585).
JavaScript warning: https://cdn.tokopedia.net/built/e11858506b9142ee56d28349ba6c017c.js, line 675: Error: WebGL warning: Failed to create WebGL context: WebGL creation failed: 
* Can't use WebGL in headless mode (https://bugzil.la/1375585).
JavaScript warning: https://cdn.tokopedia.net/built/e11858506b9142ee56d28349ba6c017c.js, line 675: Error: WebGL warning: Can't use WebGL in headless mode (https://bugzil.la/1375585).
JavaScript warning: https://cdn.tokopedia.net/built/e11858506b9142ee56d28349ba6c017c.js, line 675: Error: WebGL warning: Failed to create WebGL context: WebGL creation failed: 
* Can't use WebGL in headless mode (https://bugzil.la/1375585).
JavaScript warning: https://www.googletagmanager.com/gtag/js?id=DC-8603974, line 69: unreachable code after return statement
JavaScript warning: https://www.googletagmanager.com/gtag/js?id=DC-8603974, line 69: unreachable code after return statement
JavaScript warning: https://ecs7.tokopedia.net/scripts/global.fingerprintjs2.1.4.2.min.js, line 1: Error: WebGL warning: Can't use WebGL in headless mode (https://bugzil.la/1375585).
JavaScript warning: https://ecs7.tokopedia.net/scripts/global.fingerprintjs2.1.4.2.min.js, line 1: Error: WebGL warning: Failed to create WebGL context: WebGL creation failed: 
* Can't use WebGL in headless mode (https://bugzil.la/1375585).
JavaScript warning: https://ecs7.tokopedia.net/scripts/global.fingerprintjs2.1.4.2.min.js, line 1: Error: WebGL warning: Can't use WebGL in headless mode (https://bugzil.la/1375585).
JavaScript warning: https://ecs7.tokopedia.net/scripts/global.fingerprintjs2.1.4.2.min.js, line 1: Error: WebGL warning: Failed to create WebGL context: WebGL creation failed: 
* Can't use WebGL in headless mode (https://bugzil.la/1375585).
JavaScript error: https://accounts.tokopedia.com/ibzhraviuwovypvwxhr.js, line 1: NS_ERROR_FAILURE: 
1532419488425	geckodriver	INFO	geckodriver 0.20.1
1532419488432	geckodriver	INFO	Listening on 127.0.0.1:59831
1532419491439	mozrunner::runner	INFO	Running command: "C:\\Program Files (x86)\\Mozilla Firefox\\firefox.exe" "-marionette" "-headless" "-profile" "C:\\Users\\Lifull\\AppData\\Local\\Temp\\rust_mozprofile.q1Fla9ON59SP"
*** You are running in headless mode.
Unable to read VR Path Registry from C:\Users\Lifull\AppData\Local\openvr\openvrpaths.vrpath
Unable to read VR Path Registry from C:\Users\Lifull\AppData\Local\openvr\openvrpaths.vrpath
Unable to read VR Path Registry from C:\Users\Lifull\AppData\Local\openvr\openvrpaths.vrpath
Unable to read VR Path Registry from C:\Users\Lifull\AppData\Local\openvr\openvrpaths.vrpath
1532419493092	Marionette	INFO	Listening on port 59851
1532419493449	Marionette	WARN	TLS certificate errors will be ignored for this session
JavaScript warning: https://cdn.zarget.com/179700/477681.js, line 3: unreachable code after return statement
JavaScript warning: https://cdn.tokopedia.net/built/assets-201807-22c60065c3a6a5af586f3713d24af536.js, line 1678: unreachable code after return statement
JavaScript warning: https://cdn.tokopedia.net/built/assets-201807-22c60065c3a6a5af586f3713d24af536.js, line 1475: Error: WebGL warning: Can't use WebGL in headless mode (https://bugzil.la/1375585).
JavaScript warning: https://cdn.tokopedia.net/built/assets-201807-22c60065c3a6a5af586f3713d24af536.js, line 1475: Error: WebGL warning: Failed to create WebGL context: WebGL creation failed: 
* Can't use WebGL in headless mode (https://bugzil.la/1375585).
JavaScript warning: https://cdn.tokopedia.net/built/assets-201807-22c60065c3a6a5af586f3713d24af536.js, line 1475: Error: WebGL warning: Can't use WebGL in headless mode (https://bugzil.la/1375585).
JavaScript warning: https://cdn.tokopedia.net/built/assets-201807-22c60065c3a6a5af586f3713d24af536.js, line 1475: Error: WebGL warning: Failed to create WebGL context: WebGL creation failed: 
* Can't use WebGL in headless mode (https://bugzil.la/1375585).
JavaScript warning: https://www.googletagmanager.com/gtag/js?id=DC-8603974, line 69: unreachable code after return statement
JavaScript warning: https://www.googletagmanager.com/gtag/js?id=DC-8603974, line 69: unreachable code after return statement
JavaScript warning: https://ecs7.tokopedia.net/scripts/global.fingerprintjs2.1.4.2.min.js, line 1: Error: WebGL warning: Can't use WebGL in headless mode (https://bugzil.la/1375585).
JavaScript warning: https://ecs7.tokopedia.net/scripts/global.fingerprintjs2.1.4.2.min.js, line 1: Error: WebGL warning: Failed to create WebGL context: WebGL creation failed: 
* Can't use WebGL in headless mode (https://bugzil.la/1375585).
JavaScript warning: https://ecs7.tokopedia.net/scripts/global.fingerprintjs2.1.4.2.min.js, line 1: Error: WebGL warning: Can't use WebGL in headless mode (https://bugzil.la/1375585).
JavaScript warning: https://ecs7.tokopedia.net/scripts/global.fingerprintjs2.1.4.2.min.js, line 1: Error: WebGL warning: Failed to create WebGL context: WebGL creation failed: 
* Can't use WebGL in headless mode (https://bugzil.la/1375585).
JavaScript warning: https://cdn.tokopedia.net/built/e11858506b9142ee56d28349ba6c017c.js, line 675: Error: WebGL warning: Can't use WebGL in headless mode (https://bugzil.la/1375585).
JavaScript warning: https://cdn.tokopedia.net/built/e11858506b9142ee56d28349ba6c017c.js, line 675: Error: WebGL warning: Failed to create WebGL context: WebGL creation failed: 
* Can't use WebGL in headless mode (https://bugzil.la/1375585).
JavaScript warning: https://cdn.tokopedia.net/built/e11858506b9142ee56d28349ba6c017c.js, line 675: Error: WebGL warning: Can't use WebGL in headless mode (https://bugzil.la/1375585).
JavaScript warning: https://cdn.tokopedia.net/built/e11858506b9142ee56d28349ba6c017c.js, line 675: Error: WebGL warning: Failed to create WebGL context: WebGL creation failed: 
* Can't use WebGL in headless mode (https://bugzil.la/1375585).
JavaScript warning: https://accounts.tokopedia.com/ibzhraviuwovypvw.js, line 1: Error: WebGL warning: Can't use WebGL in headless mode (https://bugzil.la/1375585).
JavaScript warning: https://accounts.tokopedia.com/ibzhraviuwovypvw.js, line 1: Error: WebGL warning: Failed to create WebGL context: WebGL creation failed: 
* Can't use WebGL in headless mode (https://bugzil.la/1375585).
JavaScript warning: https://accounts.tokopedia.com/ibzhraviuwovypvw.js, line 1: Error: WebGL warning: Can't use WebGL in headless mode (https://bugzil.la/1375585).
JavaScript warning: https://accounts.tokopedia.com/ibzhraviuwovypvw.js, line 1: Error: WebGL warning: Failed to create WebGL context: WebGL creation failed: 
* Can't use WebGL in headless mode (https://bugzil.la/1375585).
JavaScript warning: https://www.tokopedia.com/ibzhraviuwovypvw.js, line 1: Error: WebGL warning: Can't use WebGL in headless mode (https://bugzil.la/1375585).
JavaScript warning: https://www.tokopedia.com/ibzhraviuwovypvw.js, line 1: Error: WebGL warning: Failed to create WebGL context: WebGL creation failed: 
* Can't use WebGL in headless mode (https://bugzil.la/1375585).
JavaScript warning: https://www.tokopedia.com/ibzhraviuwovypvw.js, line 1: Error: WebGL warning: Can't use WebGL in headless mode (https://bugzil.la/1375585).
JavaScript warning: https://www.tokopedia.com/ibzhraviuwovypvw.js, line 1: Error: WebGL warning: Failed to create WebGL context: WebGL creation failed: 
* Can't use WebGL in headless mode (https://bugzil.la/1375585).
JavaScript warning: https://cdn.tokopedia.net/built/e11858506b9142ee56d28349ba6c017c.js, line 675: Error: WebGL warning: Can't use WebGL in headless mode (https://bugzil.la/1375585).
JavaScript warning: https://cdn.tokopedia.net/built/e11858506b9142ee56d28349ba6c017c.js, line 675: Error: WebGL warning: Failed to create WebGL context: WebGL creation failed: 
* Can't use WebGL in headless mode (https://bugzil.la/1375585).
JavaScript warning: https://cdn.tokopedia.net/built/e11858506b9142ee56d28349ba6c017c.js, line 675: Error: WebGL warning: Can't use WebGL in headless mode (https://bugzil.la/1375585).
JavaScript warning: https://cdn.tokopedia.net/built/e11858506b9142ee56d28349ba6c017c.js, line 675: Error: WebGL warning: Failed to create WebGL context: WebGL creation failed: 
* Can't use WebGL in headless mode (https://bugzil.la/1375585).
JavaScript error: https://accounts.tokopedia.com/ibzhraviuwovypvwxhr.js, line 1: NS_ERROR_FAILURE: 
JavaScript warning: https://www.googletagmanager.com/gtag/js?id=DC-8603974, line 69: unreachable code after return statement
JavaScript warning: https://www.googletagmanager.com/gtag/js?id=DC-8603974, line 69: unreachable code after return statement
JavaScript warning: https://ecs7.tokopedia.net/scripts/global.fingerprintjs2.1.4.2.min.js, line 1: Error: WebGL warning: Can't use WebGL in headless mode (https://bugzil.la/1375585).
JavaScript warning: https://ecs7.tokopedia.net/scripts/global.fingerprintjs2.1.4.2.min.js, line 1: Error: WebGL warning: Failed to create WebGL context: WebGL creation failed: 
* Can't use WebGL in headless mode (https://bugzil.la/1375585).
JavaScript warning: https://ecs7.tokopedia.net/scripts/global.fingerprintjs2.1.4.2.min.js, line 1: Error: WebGL warning: Can't use WebGL in headless mode (https://bugzil.la/1375585).
JavaScript warning: https://ecs7.tokopedia.net/scripts/global.fingerprintjs2.1.4.2.min.js, line 1: Error: WebGL warning: Failed to create WebGL context: WebGL creation failed: 
* Can't use WebGL in headless mode (https://bugzil.la/1375585).
1532420643215	geckodriver	INFO	geckodriver 0.20.1
1532420643222	geckodriver	INFO	Listening on 127.0.0.1:64575
1532420646262	mozrunner::runner	INFO	Running command: "C:\\Program Files (x86)\\Mozilla Firefox\\firefox.exe" "-marionette" "-headless" "-profile" "C:\\Users\\Lifull\\AppData\\Local\\Temp\\rust_mozprofile.cU2jZyfvkIdc"
*** You are running in headless mode.
Unable to read VR Path Registry from C:\Users\Lifull\AppData\Local\openvr\openvrpaths.vrpath
Unable to read VR Path Registry from C:\Users\Lifull\AppData\Local\openvr\openvrpaths.vrpath
Unable to read VR Path Registry from C:\Users\Lifull\AppData\Local\openvr\openvrpaths.vrpath
Unable to read VR Path Registry from C:\Users\Lifull\AppData\Local\openvr\openvrpaths.vrpath
1532420647489	Marionette	INFO	Listening on port 64593
1532420647773	Marionette	WARN	TLS certificate errors will be ignored for this session
JavaScript warning: https://cdn.zarget.com/179700/477681.js, line 3: unreachable code after return statement
JavaScript warning: https://cdn.tokopedia.net/built/assets-201807-22c60065c3a6a5af586f3713d24af536.js, line 1678: unreachable code after return statement
JavaScript warning: https://cdn.tokopedia.net/built/assets-201807-22c60065c3a6a5af586f3713d24af536.js, line 1475: Error: WebGL warning: Can't use WebGL in headless mode (https://bugzil.la/1375585).
JavaScript warning: https://cdn.tokopedia.net/built/assets-201807-22c60065c3a6a5af586f3713d24af536.js, line 1475: Error: WebGL warning: Failed to create WebGL context: WebGL creation failed: 
* Can't use WebGL in headless mode (https://bugzil.la/1375585).
JavaScript warning: https://cdn.tokopedia.net/built/assets-201807-22c60065c3a6a5af586f3713d24af536.js, line 1475: Error: WebGL warning: Can't use WebGL in headless mode (https://bugzil.la/1375585).
JavaScript warning: https://cdn.tokopedia.net/built/assets-201807-22c60065c3a6a5af586f3713d24af536.js, line 1475: Error: WebGL warning: Failed to create WebGL context: WebGL creation failed: 
* Can't use WebGL in headless mode (https://bugzil.la/1375585).
JavaScript warning: https://www.tokopedia.com/ibzhraviuwovypvw.js, line 1: Error: WebGL warning: Can't use WebGL in headless mode (https://bugzil.la/1375585).
JavaScript warning: https://www.tokopedia.com/ibzhraviuwovypvw.js, line 1: Error: WebGL warning: Failed to create WebGL context: WebGL creation failed: 
* Can't use WebGL in headless mode (https://bugzil.la/1375585).
JavaScript warning: https://www.tokopedia.com/ibzhraviuwovypvw.js, line 1: Error: WebGL warning: Can't use WebGL in headless mode (https://bugzil.la/1375585).
JavaScript warning: https://www.tokopedia.com/ibzhraviuwovypvw.js, line 1: Error: WebGL warning: Failed to create WebGL context: WebGL creation failed: 
* Can't use WebGL in headless mode (https://bugzil.la/1375585).
JavaScript warning: https://cdn.tokopedia.net/built/e11858506b9142ee56d28349ba6c017c.js, line 675: Error: WebGL warning: Can't use WebGL in headless mode (https://bugzil.la/1375585).
JavaScript warning: https://cdn.tokopedia.net/built/e11858506b9142ee56d28349ba6c017c.js, line 675: Error: WebGL warning: Failed to create WebGL context: WebGL creation failed: 
* Can't use WebGL in headless mode (https://bugzil.la/1375585).
JavaScript warning: https://cdn.tokopedia.net/built/e11858506b9142ee56d28349ba6c017c.js, line 675: Error: WebGL warning: Can't use WebGL in headless mode (https://bugzil.la/1375585).
JavaScript warning: https://cdn.tokopedia.net/built/e11858506b9142ee56d28349ba6c017c.js, line 675: Error: WebGL warning: Failed to create WebGL context: WebGL creation failed: 
* Can't use WebGL in headless mode (https://bugzil.la/1375585).
JavaScript warning: https://accounts.tokopedia.com/ibzhraviuwovypvw.js, line 1: Error: WebGL warning: Can't use WebGL in headless mode (https://bugzil.la/1375585).
JavaScript warning: https://accounts.tokopedia.com/ibzhraviuwovypvw.js, line 1: Error: WebGL warning: Failed to create WebGL context: WebGL creation failed: 
* Can't use WebGL in headless mode (https://bugzil.la/1375585).
JavaScript warning: https://accounts.tokopedia.com/ibzhraviuwovypvw.js, line 1: Error: WebGL warning: Can't use WebGL in headless mode (https://bugzil.la/1375585).
JavaScript warning: https://accounts.tokopedia.com/ibzhraviuwovypvw.js, line 1: Error: WebGL warning: Failed to create WebGL context: WebGL creation failed: 
* Can't use WebGL in headless mode (https://bugzil.la/1375585).
JavaScript warning: https://www.googletagmanager.com/gtag/js?id=DC-8603974, line 69: unreachable code after return statement
JavaScript warning: https://www.googletagmanager.com/gtag/js?id=DC-8603974, line 69: unreachable code after return statement
JavaScript warning: https://ecs7.tokopedia.net/scripts/global.fingerprintjs2.1.4.2.min.js, line 1: Error: WebGL warning: Can't use WebGL in headless mode (https://bugzil.la/1375585).
JavaScript warning: https://ecs7.tokopedia.net/scripts/global.fingerprintjs2.1.4.2.min.js, line 1: Error: WebGL warning: Failed to create WebGL context: WebGL creation failed: 
* Can't use WebGL in headless mode (https://bugzil.la/1375585).
JavaScript warning: https://ecs7.tokopedia.net/scripts/global.fingerprintjs2.1.4.2.min.js, line 1: Error: WebGL warning: Can't use WebGL in headless mode (https://bugzil.la/1375585).
JavaScript warning: https://ecs7.tokopedia.net/scripts/global.fingerprintjs2.1.4.2.min.js, line 1: Error: WebGL warning: Failed to create WebGL context: WebGL creation failed: 
* Can't use WebGL in headless mode (https://bugzil.la/1375585).
JavaScript warning: https://cdn.tokopedia.net/built/e11858506b9142ee56d28349ba6c017c.js, line 675: Error: WebGL warning: Can't use WebGL in headless mode (https://bugzil.la/1375585).
JavaScript warning: https://cdn.tokopedia.net/built/e11858506b9142ee56d28349ba6c017c.js, line 675: Error: WebGL warning: Failed to create WebGL context: WebGL creation failed: 
* Can't use WebGL in headless mode (https://bugzil.la/1375585).
JavaScript warning: https://cdn.tokopedia.net/built/e11858506b9142ee56d28349ba6c017c.js, line 675: Error: WebGL warning: Can't use WebGL in headless mode (https://bugzil.la/1375585).
JavaScript warning: https://cdn.tokopedia.net/built/e11858506b9142ee56d28349ba6c017c.js, line 675: Error: WebGL warning: Failed to create WebGL context: WebGL creation failed: 
* Can't use WebGL in headless mode (https://bugzil.la/1375585).
JavaScript error: https://accounts.tokopedia.com/ibzhraviuwovypvw.js, line 1: NS_ERROR_FAILURE: 
JavaScript warning: https://www.googletagmanager.com/gtag/js?id=DC-8603974, line 69: unreachable code after return statement
JavaScript warning: https://www.googletagmanager.com/gtag/js?id=DC-8603974, line 69: unreachable code after return statement
JavaScript warning: https://ecs7.tokopedia.net/scripts/global.fingerprintjs2.1.4.2.min.js, line 1: Error: WebGL warning: Can't use WebGL in headless mode (https://bugzil.la/1375585).
JavaScript warning: https://ecs7.tokopedia.net/scripts/global.fingerprintjs2.1.4.2.min.js, line 1: Error: WebGL warning: Failed to create WebGL context: WebGL creation failed: 
* Can't use WebGL in headless mode (https://bugzil.la/1375585).
JavaScript warning: https://ecs7.tokopedia.net/scripts/global.fingerprintjs2.1.4.2.min.js, line 1: Error: WebGL warning: Can't use WebGL in headless mode (https://bugzil.la/1375585).
JavaScript warning: https://ecs7.tokopedia.net/scripts/global.fingerprintjs2.1.4.2.min.js, line 1: Error: WebGL warning: Failed to create WebGL context: WebGL creation failed: 
* Can't use WebGL in headless mode (https://bugzil.la/1375585).
1532420682456	geckodriver	INFO	geckodriver 0.20.1
1532420682463	geckodriver	INFO	Listening on 127.0.0.1:64866
1532420685491	mozrunner::runner	INFO	Running command: "C:\\Program Files (x86)\\Mozilla Firefox\\firefox.exe" "-marionette" "-headless" "-profile" "C:\\Users\\Lifull\\AppData\\Local\\Temp\\rust_mozprofile.iYJV4kR4anp4"
*** You are running in headless mode.
Unable to read VR Path Registry from C:\Users\Lifull\AppData\Local\openvr\openvrpaths.vrpath
Unable to read VR Path Registry from C:\Users\Lifull\AppData\Local\openvr\openvrpaths.vrpath
Unable to read VR Path Registry from C:\Users\Lifull\AppData\Local\openvr\openvrpaths.vrpath
Unable to read VR Path Registry from C:\Users\Lifull\AppData\Local\openvr\openvrpaths.vrpath
1532420686876	Marionette	INFO	Listening on port 64884
1532420687023	Marionette	WARN	TLS certificate errors will be ignored for this session
JavaScript warning: https://cdn.zarget.com/179700/477681.js, line 3: unreachable code after return statement
JavaScript warning: https://cdn.tokopedia.net/built/assets-201807-22c60065c3a6a5af586f3713d24af536.js, line 1678: unreachable code after return statement
JavaScript warning: https://cdn.tokopedia.net/built/assets-201807-22c60065c3a6a5af586f3713d24af536.js, line 1475: Error: WebGL warning: Can't use WebGL in headless mode (https://bugzil.la/1375585).
JavaScript warning: https://cdn.tokopedia.net/built/assets-201807-22c60065c3a6a5af586f3713d24af536.js, line 1475: Error: WebGL warning: Failed to create WebGL context: WebGL creation failed: 
* Can't use WebGL in headless mode (https://bugzil.la/1375585).
JavaScript warning: https://cdn.tokopedia.net/built/assets-201807-22c60065c3a6a5af586f3713d24af536.js, line 1475: Error: WebGL warning: Can't use WebGL in headless mode (https://bugzil.la/1375585).
JavaScript warning: https://cdn.tokopedia.net/built/assets-201807-22c60065c3a6a5af586f3713d24af536.js, line 1475: Error: WebGL warning: Failed to create WebGL context: WebGL creation failed: 
* Can't use WebGL in headless mode (https://bugzil.la/1375585).
JavaScript warning: https://www.tokopedia.com/ibzhraviuwovypvw.js, line 1: Error: WebGL warning: Can't use WebGL in headless mode (https://bugzil.la/1375585).
JavaScript warning: https://www.tokopedia.com/ibzhraviuwovypvw.js, line 1: Error: WebGL warning: Failed to create WebGL context: WebGL creation failed: 
* Can't use WebGL in headless mode (https://bugzil.la/1375585).
JavaScript warning: https://www.tokopedia.com/ibzhraviuwovypvw.js, line 1: Error: WebGL warning: Can't use WebGL in headless mode (https://bugzil.la/1375585).
JavaScript warning: https://www.tokopedia.com/ibzhraviuwovypvw.js, line 1: Error: WebGL warning: Failed to create WebGL context: WebGL creation failed: 
* Can't use WebGL in headless mode (https://bugzil.la/1375585).
JavaScript warning: https://cdn.tokopedia.net/built/e11858506b9142ee56d28349ba6c017c.js, line 675: Error: WebGL warning: Can't use WebGL in headless mode (https://bugzil.la/1375585).
JavaScript warning: https://cdn.tokopedia.net/built/e11858506b9142ee56d28349ba6c017c.js, line 675: Error: WebGL warning: Failed to create WebGL context: WebGL creation failed: 
* Can't use WebGL in headless mode (https://bugzil.la/1375585).
JavaScript warning: https://cdn.tokopedia.net/built/e11858506b9142ee56d28349ba6c017c.js, line 675: Error: WebGL warning: Can't use WebGL in headless mode (https://bugzil.la/1375585).
JavaScript warning: https://cdn.tokopedia.net/built/e11858506b9142ee56d28349ba6c017c.js, line 675: Error: WebGL warning: Failed to create WebGL context: WebGL creation failed: 
* Can't use WebGL in headless mode (https://bugzil.la/1375585).
JavaScript warning: https://accounts.tokopedia.com/ibzhraviuwovypvw.js, line 1: Error: WebGL warning: Can't use WebGL in headless mode (https://bugzil.la/1375585).
JavaScript warning: https://accounts.tokopedia.com/ibzhraviuwovypvw.js, line 1: Error: WebGL warning: Failed to create WebGL context: WebGL creation failed: 
* Can't use WebGL in headless mode (https://bugzil.la/1375585).
JavaScript warning: https://accounts.tokopedia.com/ibzhraviuwovypvw.js, line 1: Error: WebGL warning: Can't use WebGL in headless mode (https://bugzil.la/1375585).
JavaScript warning: https://accounts.tokopedia.com/ibzhraviuwovypvw.js, line 1: Error: WebGL warning: Failed to create WebGL context: WebGL creation failed: 
* Can't use WebGL in headless mode (https://bugzil.la/1375585).
JavaScript warning: https://www.googletagmanager.com/gtag/js?id=DC-8603974, line 69: unreachable code after return statement
JavaScript warning: https://www.googletagmanager.com/gtag/js?id=DC-8603974, line 69: unreachable code after return statement
JavaScript warning: https://ecs7.tokopedia.net/scripts/global.fingerprintjs2.1.4.2.min.js, line 1: Error: WebGL warning: Can't use WebGL in headless mode (https://bugzil.la/1375585).
JavaScript warning: https://ecs7.tokopedia.net/scripts/global.fingerprintjs2.1.4.2.min.js, line 1: Error: WebGL warning: Failed to create WebGL context: WebGL creation failed: 
* Can't use WebGL in headless mode (https://bugzil.la/1375585).
JavaScript warning: https://ecs7.tokopedia.net/scripts/global.fingerprintjs2.1.4.2.min.js, line 1: Error: WebGL warning: Can't use WebGL in headless mode (https://bugzil.la/1375585).
JavaScript warning: https://ecs7.tokopedia.net/scripts/global.fingerprintjs2.1.4.2.min.js, line 1: Error: WebGL warning: Failed to create WebGL context: WebGL creation failed: 
* Can't use WebGL in headless mode (https://bugzil.la/1375585).
JavaScript warning: https://cdn.tokopedia.net/built/e11858506b9142ee56d28349ba6c017c.js, line 675: Error: WebGL warning: Can't use WebGL in headless mode (https://bugzil.la/1375585).
JavaScript warning: https://cdn.tokopedia.net/built/e11858506b9142ee56d28349ba6c017c.js, line 675: Error: WebGL warning: Failed to create WebGL context: WebGL creation failed: 
* Can't use WebGL in headless mode (https://bugzil.la/1375585).
JavaScript warning: https://cdn.tokopedia.net/built/e11858506b9142ee56d28349ba6c017c.js, line 675: Error: WebGL warning: Can't use WebGL in headless mode (https://bugzil.la/1375585).
JavaScript warning: https://cdn.tokopedia.net/built/e11858506b9142ee56d28349ba6c017c.js, line 675: Error: WebGL warning: Failed to create WebGL context: WebGL creation failed: 
* Can't use WebGL in headless mode (https://bugzil.la/1375585).
JavaScript error: https://accounts.tokopedia.com/ibzhraviuwovypvw.js, line 1: NS_ERROR_FAILURE: 
JavaScript warning: https://www.googletagmanager.com/gtag/js?id=DC-8603974, line 69: unreachable code after return statement
JavaScript warning: https://www.googletagmanager.com/gtag/js?id=DC-8603974, line 69: unreachable code after return statement
JavaScript warning: https://ecs7.tokopedia.net/scripts/global.fingerprintjs2.1.4.2.min.js, line 1: Error: WebGL warning: Can't use WebGL in headless mode (https://bugzil.la/1375585).
JavaScript warning: https://ecs7.tokopedia.net/scripts/global.fingerprintjs2.1.4.2.min.js, line 1: Error: WebGL warning: Failed to create WebGL context: WebGL creation failed: 
* Can't use WebGL in headless mode (https://bugzil.la/1375585).
JavaScript warning: https://ecs7.tokopedia.net/scripts/global.fingerprintjs2.1.4.2.min.js, line 1: Error: WebGL warning: Can't use WebGL in headless mode (https://bugzil.la/1375585).
JavaScript warning: https://ecs7.tokopedia.net/scripts/global.fingerprintjs2.1.4.2.min.js, line 1: Error: WebGL warning: Failed to create WebGL context: WebGL creation failed: 
* Can't use WebGL in headless mode (https://bugzil.la/1375585).
1532425314514	geckodriver	INFO	geckodriver 0.20.1
1532425314521	geckodriver	INFO	Listening on 127.0.0.1:49513
1532425317560	mozrunner::runner	INFO	Running command: "C:\\Program Files (x86)\\Mozilla Firefox\\firefox.exe" "-marionette" "-headless" "-profile" "C:\\Users\\Lifull\\AppData\\Local\\Temp\\rust_mozprofile.xSyHLp3NUJEQ"
*** You are running in headless mode.
Unable to read VR Path Registry from C:\Users\Lifull\AppData\Local\openvr\openvrpaths.vrpath
Unable to read VR Path Registry from C:\Users\Lifull\AppData\Local\openvr\openvrpaths.vrpath
Unable to read VR Path Registry from C:\Users\Lifull\AppData\Local\openvr\openvrpaths.vrpath
Unable to read VR Path Registry from C:\Users\Lifull\AppData\Local\openvr\openvrpaths.vrpath
1532425318775	Marionette	INFO	Listening on port 49532
1532425319070	Marionette	WARN	TLS certificate errors will be ignored for this session
JavaScript warning: https://cdn.zarget.com/179700/477681.js, line 3: unreachable code after return statement
JavaScript warning: https://cdn.tokopedia.net/built/assets-201807-22c60065c3a6a5af586f3713d24af536.js, line 1678: unreachable code after return statement
JavaScript warning: https://cdn.tokopedia.net/built/assets-201807-22c60065c3a6a5af586f3713d24af536.js, line 1475: Error: WebGL warning: Can't use WebGL in headless mode (https://bugzil.la/1375585).
JavaScript warning: https://cdn.tokopedia.net/built/assets-201807-22c60065c3a6a5af586f3713d24af536.js, line 1475: Error: WebGL warning: Failed to create WebGL context: WebGL creation failed: 
* Can't use WebGL in headless mode (https://bugzil.la/1375585).
JavaScript warning: https://cdn.tokopedia.net/built/assets-201807-22c60065c3a6a5af586f3713d24af536.js, line 1475: Error: WebGL warning: Can't use WebGL in headless mode (https://bugzil.la/1375585).
JavaScript warning: https://cdn.tokopedia.net/built/assets-201807-22c60065c3a6a5af586f3713d24af536.js, line 1475: Error: WebGL warning: Failed to create WebGL context: WebGL creation failed: 
* Can't use WebGL in headless mode (https://bugzil.la/1375585).
JavaScript warning: https://www.googletagmanager.com/gtag/js?id=DC-8603974, line 69: unreachable code after return statement
JavaScript warning: https://www.googletagmanager.com/gtag/js?id=DC-8603974, line 69: unreachable code after return statement
JavaScript warning: https://ecs7.tokopedia.net/scripts/global.fingerprintjs2.1.4.2.min.js, line 1: Error: WebGL warning: Can't use WebGL in headless mode (https://bugzil.la/1375585).
JavaScript warning: https://ecs7.tokopedia.net/scripts/global.fingerprintjs2.1.4.2.min.js, line 1: Error: WebGL warning: Failed to create WebGL context: WebGL creation failed: 
* Can't use WebGL in headless mode (https://bugzil.la/1375585).
JavaScript warning: https://ecs7.tokopedia.net/scripts/global.fingerprintjs2.1.4.2.min.js, line 1: Error: WebGL warning: Can't use WebGL in headless mode (https://bugzil.la/1375585).
JavaScript warning: https://ecs7.tokopedia.net/scripts/global.fingerprintjs2.1.4.2.min.js, line 1: Error: WebGL warning: Failed to create WebGL context: WebGL creation failed: 
* Can't use WebGL in headless mode (https://bugzil.la/1375585).
JavaScript warning: https://cdn.tokopedia.net/built/e11858506b9142ee56d28349ba6c017c.js, line 675: Error: WebGL warning: Can't use WebGL in headless mode (https://bugzil.la/1375585).
JavaScript warning: https://cdn.tokopedia.net/built/e11858506b9142ee56d28349ba6c017c.js, line 675: Error: WebGL warning: Failed to create WebGL context: WebGL creation failed: 
* Can't use WebGL in headless mode (https://bugzil.la/1375585).
JavaScript warning: https://cdn.tokopedia.net/built/e11858506b9142ee56d28349ba6c017c.js, line 675: Error: WebGL warning: Can't use WebGL in headless mode (https://bugzil.la/1375585).
JavaScript warning: https://cdn.tokopedia.net/built/e11858506b9142ee56d28349ba6c017c.js, line 675: Error: WebGL warning: Failed to create WebGL context: WebGL creation failed: 
* Can't use WebGL in headless mode (https://bugzil.la/1375585).
JavaScript warning: https://accounts.tokopedia.com/ibzhraviuwovypvw.js, line 1: Error: WebGL warning: Can't use WebGL in headless mode (https://bugzil.la/1375585).
JavaScript warning: https://accounts.tokopedia.com/ibzhraviuwovypvw.js, line 1: Error: WebGL warning: Failed to create WebGL context: WebGL creation failed: 
* Can't use WebGL in headless mode (https://bugzil.la/1375585).
JavaScript warning: https://accounts.tokopedia.com/ibzhraviuwovypvw.js, line 1: Error: WebGL warning: Can't use WebGL in headless mode (https://bugzil.la/1375585).
JavaScript warning: https://accounts.tokopedia.com/ibzhraviuwovypvw.js, line 1: Error: WebGL warning: Failed to create WebGL context: WebGL creation failed: 
* Can't use WebGL in headless mode (https://bugzil.la/1375585).
JavaScript warning: https://www.tokopedia.com/ibzhraviuwovypvw.js, line 1: Error: WebGL warning: Can't use WebGL in headless mode (https://bugzil.la/1375585).
JavaScript warning: https://www.tokopedia.com/ibzhraviuwovypvw.js, line 1: Error: WebGL warning: Failed to create WebGL context: WebGL creation failed: 
* Can't use WebGL in headless mode (https://bugzil.la/1375585).
JavaScript warning: https://www.tokopedia.com/ibzhraviuwovypvw.js, line 1: Error: WebGL warning: Can't use WebGL in headless mode (https://bugzil.la/1375585).
JavaScript warning: https://www.tokopedia.com/ibzhraviuwovypvw.js, line 1: Error: WebGL warning: Failed to create WebGL context: WebGL creation failed: 
* Can't use WebGL in headless mode (https://bugzil.la/1375585).
JavaScript warning: https://cdn.tokopedia.net/built/e11858506b9142ee56d28349ba6c017c.js, line 675: Error: WebGL warning: Can't use WebGL in headless mode (https://bugzil.la/1375585).
JavaScript warning: https://cdn.tokopedia.net/built/e11858506b9142ee56d28349ba6c017c.js, line 675: Error: WebGL warning: Failed to create WebGL context: WebGL creation failed: 
* Can't use WebGL in headless mode (https://bugzil.la/1375585).
JavaScript warning: https://cdn.tokopedia.net/built/e11858506b9142ee56d28349ba6c017c.js, line 675: Error: WebGL warning: Can't use WebGL in headless mode (https://bugzil.la/1375585).
JavaScript warning: https://cdn.tokopedia.net/built/e11858506b9142ee56d28349ba6c017c.js, line 675: Error: WebGL warning: Failed to create WebGL context: WebGL creation failed: 
* Can't use WebGL in headless mode (https://bugzil.la/1375585).
JavaScript warning: https://www.googletagmanager.com/gtag/js?id=DC-8603974, line 69: unreachable code after return statement
JavaScript warning: https://www.googletagmanager.com/gtag/js?id=DC-8603974, line 69: unreachable code after return statement
JavaScript warning: https://ecs7.tokopedia.net/scripts/global.fingerprintjs2.1.4.2.min.js, line 1: Error: WebGL warning: Can't use WebGL in headless mode (https://bugzil.la/1375585).
JavaScript warning: https://ecs7.tokopedia.net/scripts/global.fingerprintjs2.1.4.2.min.js, line 1: Error: WebGL warning: Failed to create WebGL context: WebGL creation failed: 
* Can't use WebGL in headless mode (https://bugzil.la/1375585).
JavaScript warning: https://ecs7.tokopedia.net/scripts/global.fingerprintjs2.1.4.2.min.js, line 1: Error: WebGL warning: Can't use WebGL in headless mode (https://bugzil.la/1375585).
JavaScript warning: https://ecs7.tokopedia.net/scripts/global.fingerprintjs2.1.4.2.min.js, line 1: Error: WebGL warning: Failed to create WebGL context: WebGL creation failed: 
* Can't use WebGL in headless mode (https://bugzil.la/1375585).
JavaScript error: https://accounts.tokopedia.com/ibzhraviuwovypvw.js, line 1: NS_ERROR_FAILURE: 
1532425408324	geckodriver	INFO	geckodriver 0.20.1
1532425408330	geckodriver	INFO	Listening on 127.0.0.1:49998
1532425411371	mozrunner::runner	INFO	Running command: "C:\\Program Files (x86)\\Mozilla Firefox\\firefox.exe" "-marionette" "-headless" "-profile" "C:\\Users\\Lifull\\AppData\\Local\\Temp\\rust_mozprofile.IGF85wUqVwSQ"
*** You are running in headless mode.
Unable to read VR Path Registry from C:\Users\Lifull\AppData\Local\openvr\openvrpaths.vrpath
Unable to read VR Path Registry from C:\Users\Lifull\AppData\Local\openvr\openvrpaths.vrpath
Unable to read VR Path Registry from C:\Users\Lifull\AppData\Local\openvr\openvrpaths.vrpath
Unable to read VR Path Registry from C:\Users\Lifull\AppData\Local\openvr\openvrpaths.vrpath
1532425413132	Marionette	INFO	Listening on port 50016
1532425413382	Marionette	WARN	TLS certificate errors will be ignored for this session
JavaScript warning: https://cdn.zarget.com/179700/477681.js, line 3: unreachable code after return statement
JavaScript warning: https://cdn.tokopedia.net/built/assets-201807-22c60065c3a6a5af586f3713d24af536.js, line 1678: unreachable code after return statement
JavaScript warning: https://cdn.tokopedia.net/built/assets-201807-22c60065c3a6a5af586f3713d24af536.js, line 1475: Error: WebGL warning: Can't use WebGL in headless mode (https://bugzil.la/1375585).
JavaScript warning: https://cdn.tokopedia.net/built/assets-201807-22c60065c3a6a5af586f3713d24af536.js, line 1475: Error: WebGL warning: Failed to create WebGL context: WebGL creation failed: 
* Can't use WebGL in headless mode (https://bugzil.la/1375585).
JavaScript warning: https://cdn.tokopedia.net/built/assets-201807-22c60065c3a6a5af586f3713d24af536.js, line 1475: Error: WebGL warning: Can't use WebGL in headless mode (https://bugzil.la/1375585).
JavaScript warning: https://cdn.tokopedia.net/built/assets-201807-22c60065c3a6a5af586f3713d24af536.js, line 1475: Error: WebGL warning: Failed to create WebGL context: WebGL creation failed: 
* Can't use WebGL in headless mode (https://bugzil.la/1375585).
JavaScript warning: https://cdn.tokopedia.net/built/e11858506b9142ee56d28349ba6c017c.js, line 675: Error: WebGL warning: Can't use WebGL in headless mode (https://bugzil.la/1375585).
JavaScript warning: https://cdn.tokopedia.net/built/e11858506b9142ee56d28349ba6c017c.js, line 675: Error: WebGL warning: Failed to create WebGL context: WebGL creation failed: 
* Can't use WebGL in headless mode (https://bugzil.la/1375585).
JavaScript warning: https://cdn.tokopedia.net/built/e11858506b9142ee56d28349ba6c017c.js, line 675: Error: WebGL warning: Can't use WebGL in headless mode (https://bugzil.la/1375585).
JavaScript warning: https://cdn.tokopedia.net/built/e11858506b9142ee56d28349ba6c017c.js, line 675: Error: WebGL warning: Failed to create WebGL context: WebGL creation failed: 
* Can't use WebGL in headless mode (https://bugzil.la/1375585).
JavaScript warning: https://accounts.tokopedia.com/ibzhraviuwovypvwxhr.js, line 1: Error: WebGL warning: Can't use WebGL in headless mode (https://bugzil.la/1375585).
JavaScript warning: https://accounts.tokopedia.com/ibzhraviuwovypvwxhr.js, line 1: Error: WebGL warning: Failed to create WebGL context: WebGL creation failed: 
* Can't use WebGL in headless mode (https://bugzil.la/1375585).
JavaScript warning: https://accounts.tokopedia.com/ibzhraviuwovypvwxhr.js, line 1: Error: WebGL warning: Can't use WebGL in headless mode (https://bugzil.la/1375585).
JavaScript warning: https://accounts.tokopedia.com/ibzhraviuwovypvwxhr.js, line 1: Error: WebGL warning: Failed to create WebGL context: WebGL creation failed: 
* Can't use WebGL in headless mode (https://bugzil.la/1375585).
JavaScript warning: https://www.googletagmanager.com/gtag/js?id=DC-8603974, line 69: unreachable code after return statement
JavaScript warning: https://www.googletagmanager.com/gtag/js?id=DC-8603974, line 69: unreachable code after return statement
JavaScript warning: https://ecs7.tokopedia.net/scripts/global.fingerprintjs2.1.4.2.min.js, line 1: Error: WebGL warning: Can't use WebGL in headless mode (https://bugzil.la/1375585).
JavaScript warning: https://ecs7.tokopedia.net/scripts/global.fingerprintjs2.1.4.2.min.js, line 1: Error: WebGL warning: Failed to create WebGL context: WebGL creation failed: 
* Can't use WebGL in headless mode (https://bugzil.la/1375585).
JavaScript warning: https://ecs7.tokopedia.net/scripts/global.fingerprintjs2.1.4.2.min.js, line 1: Error: WebGL warning: Can't use WebGL in headless mode (https://bugzil.la/1375585).
JavaScript warning: https://ecs7.tokopedia.net/scripts/global.fingerprintjs2.1.4.2.min.js, line 1: Error: WebGL warning: Failed to create WebGL context: WebGL creation failed: 
* Can't use WebGL in headless mode (https://bugzil.la/1375585).
JavaScript warning: https://cdn.tokopedia.net/built/e11858506b9142ee56d28349ba6c017c.js, line 675: Error: WebGL warning: Can't use WebGL in headless mode (https://bugzil.la/1375585).
JavaScript warning: https://cdn.tokopedia.net/built/e11858506b9142ee56d28349ba6c017c.js, line 675: Error: WebGL warning: Failed to create WebGL context: WebGL creation failed: 
* Can't use WebGL in headless mode (https://bugzil.la/1375585).
JavaScript warning: https://cdn.tokopedia.net/built/e11858506b9142ee56d28349ba6c017c.js, line 675: Error: WebGL warning: Can't use WebGL in headless mode (https://bugzil.la/1375585).
JavaScript warning: https://cdn.tokopedia.net/built/e11858506b9142ee56d28349ba6c017c.js, line 675: Error: WebGL warning: Failed to create WebGL context: WebGL creation failed: 
* Can't use WebGL in headless mode (https://bugzil.la/1375585).
JavaScript error: https://accounts.tokopedia.com/ibzhraviuwovypvwxhr.js, line 1: NS_ERROR_FAILURE: 
JavaScript warning: https://www.googletagmanager.com/gtag/js?id=DC-8603974, line 69: unreachable code after return statement
JavaScript warning: https://www.googletagmanager.com/gtag/js?id=DC-8603974, line 69: unreachable code after return statement
JavaScript warning: https://ecs7.tokopedia.net/scripts/global.fingerprintjs2.1.4.2.min.js, line 1: Error: WebGL warning: Can't use WebGL in headless mode (https://bugzil.la/1375585).
JavaScript warning: https://ecs7.tokopedia.net/scripts/global.fingerprintjs2.1.4.2.min.js, line 1: Error: WebGL warning: Failed to create WebGL context: WebGL creation failed: 
* Can't use WebGL in headless mode (https://bugzil.la/1375585).
JavaScript warning: https://ecs7.tokopedia.net/scripts/global.fingerprintjs2.1.4.2.min.js, line 1: Error: WebGL warning: Can't use WebGL in headless mode (https://bugzil.la/1375585).
JavaScript warning: https://ecs7.tokopedia.net/scripts/global.fingerprintjs2.1.4.2.min.js, line 1: Error: WebGL warning: Failed to create WebGL context: WebGL creation failed: 
* Can't use WebGL in headless mode (https://bugzil.la/1375585).
1532425470351	geckodriver	INFO	geckodriver 0.20.1
1532425470359	geckodriver	INFO	Listening on 127.0.0.1:50355
1532425473380	mozrunner::runner	INFO	Running command: "C:\\Program Files (x86)\\Mozilla Firefox\\firefox.exe" "-marionette" "-headless" "-profile" "C:\\Users\\Lifull\\AppData\\Local\\Temp\\rust_mozprofile.Um7qhkqRitDk"
*** You are running in headless mode.
Unable to read VR Path Registry from C:\Users\Lifull\AppData\Local\openvr\openvrpaths.vrpath
Unable to read VR Path Registry from C:\Users\Lifull\AppData\Local\openvr\openvrpaths.vrpath
Unable to read VR Path Registry from C:\Users\Lifull\AppData\Local\openvr\openvrpaths.vrpath
Unable to read VR Path Registry from C:\Users\Lifull\AppData\Local\openvr\openvrpaths.vrpath
1532425475124	Marionette	INFO	Listening on port 50375
1532425475394	Marionette	WARN	TLS certificate errors will be ignored for this session
JavaScript warning: https://cdn.zarget.com/179700/477681.js, line 3: unreachable code after return statement
JavaScript warning: https://cdn.tokopedia.net/built/assets-201807-22c60065c3a6a5af586f3713d24af536.js, line 1678: unreachable code after return statement
JavaScript warning: https://cdn.tokopedia.net/built/assets-201807-22c60065c3a6a5af586f3713d24af536.js, line 1475: Error: WebGL warning: Can't use WebGL in headless mode (https://bugzil.la/1375585).
JavaScript warning: https://cdn.tokopedia.net/built/assets-201807-22c60065c3a6a5af586f3713d24af536.js, line 1475: Error: WebGL warning: Failed to create WebGL context: WebGL creation failed: 
* Can't use WebGL in headless mode (https://bugzil.la/1375585).
JavaScript warning: https://cdn.tokopedia.net/built/assets-201807-22c60065c3a6a5af586f3713d24af536.js, line 1475: Error: WebGL warning: Can't use WebGL in headless mode (https://bugzil.la/1375585).
JavaScript warning: https://cdn.tokopedia.net/built/assets-201807-22c60065c3a6a5af586f3713d24af536.js, line 1475: Error: WebGL warning: Failed to create WebGL context: WebGL creation failed: 
* Can't use WebGL in headless mode (https://bugzil.la/1375585).
JavaScript warning: https://www.googletagmanager.com/gtag/js?id=DC-8603974, line 69: unreachable code after return statement
JavaScript warning: https://www.googletagmanager.com/gtag/js?id=DC-8603974, line 69: unreachable code after return statement
JavaScript warning: https://ecs7.tokopedia.net/scripts/global.fingerprintjs2.1.4.2.min.js, line 1: Error: WebGL warning: Can't use WebGL in headless mode (https://bugzil.la/1375585).
JavaScript warning: https://ecs7.tokopedia.net/scripts/global.fingerprintjs2.1.4.2.min.js, line 1: Error: WebGL warning: Failed to create WebGL context: WebGL creation failed: 
* Can't use WebGL in headless mode (https://bugzil.la/1375585).
JavaScript warning: https://ecs7.tokopedia.net/scripts/global.fingerprintjs2.1.4.2.min.js, line 1: Error: WebGL warning: Can't use WebGL in headless mode (https://bugzil.la/1375585).
JavaScript warning: https://ecs7.tokopedia.net/scripts/global.fingerprintjs2.1.4.2.min.js, line 1: Error: WebGL warning: Failed to create WebGL context: WebGL creation failed: 
* Can't use WebGL in headless mode (https://bugzil.la/1375585).
JavaScript warning: https://cdn.tokopedia.net/built/e11858506b9142ee56d28349ba6c017c.js, line 675: Error: WebGL warning: Can't use WebGL in headless mode (https://bugzil.la/1375585).
JavaScript warning: https://cdn.tokopedia.net/built/e11858506b9142ee56d28349ba6c017c.js, line 675: Error: WebGL warning: Failed to create WebGL context: WebGL creation failed: 
* Can't use WebGL in headless mode (https://bugzil.la/1375585).
JavaScript warning: https://cdn.tokopedia.net/built/e11858506b9142ee56d28349ba6c017c.js, line 675: Error: WebGL warning: Can't use WebGL in headless mode (https://bugzil.la/1375585).
JavaScript warning: https://cdn.tokopedia.net/built/e11858506b9142ee56d28349ba6c017c.js, line 675: Error: WebGL warning: Failed to create WebGL context: WebGL creation failed: 
* Can't use WebGL in headless mode (https://bugzil.la/1375585).
JavaScript warning: https://accounts.tokopedia.com/ibzhraviuwovypvwxhr.js, line 1: Error: WebGL warning: Can't use WebGL in headless mode (https://bugzil.la/1375585).
JavaScript warning: https://accounts.tokopedia.com/ibzhraviuwovypvwxhr.js, line 1: Error: WebGL warning: Failed to create WebGL context: WebGL creation failed: 
* Can't use WebGL in headless mode (https://bugzil.la/1375585).
JavaScript warning: https://accounts.tokopedia.com/ibzhraviuwovypvwxhr.js, line 1: Error: WebGL warning: Can't use WebGL in headless mode (https://bugzil.la/1375585).
JavaScript warning: https://accounts.tokopedia.com/ibzhraviuwovypvwxhr.js, line 1: Error: WebGL warning: Failed to create WebGL context: WebGL creation failed: 
* Can't use WebGL in headless mode (https://bugzil.la/1375585).
JavaScript warning: https://cdn.tokopedia.net/built/e11858506b9142ee56d28349ba6c017c.js, line 675: Error: WebGL warning: Can't use WebGL in headless mode (https://bugzil.la/1375585).
JavaScript warning: https://cdn.tokopedia.net/built/e11858506b9142ee56d28349ba6c017c.js, line 675: Error: WebGL warning: Failed to create WebGL context: WebGL creation failed: 
* Can't use WebGL in headless mode (https://bugzil.la/1375585).
JavaScript warning: https://cdn.tokopedia.net/built/e11858506b9142ee56d28349ba6c017c.js, line 675: Error: WebGL warning: Can't use WebGL in headless mode (https://bugzil.la/1375585).
JavaScript warning: https://cdn.tokopedia.net/built/e11858506b9142ee56d28349ba6c017c.js, line 675: Error: WebGL warning: Failed to create WebGL context: WebGL creation failed: 
* Can't use WebGL in headless mode (https://bugzil.la/1375585).
JavaScript error: https://accounts.tokopedia.com/ibzhraviuwovypvwxhr.js, line 1: NS_ERROR_FAILURE: 
JavaScript warning: https://www.googletagmanager.com/gtag/js?id=DC-8603974, line 69: unreachable code after return statement
JavaScript warning: https://www.googletagmanager.com/gtag/js?id=DC-8603974, line 69: unreachable code after return statement
JavaScript warning: https://ecs7.tokopedia.net/scripts/global.fingerprintjs2.1.4.2.min.js, line 1: Error: WebGL warning: Can't use WebGL in headless mode (https://bugzil.la/1375585).
JavaScript warning: https://ecs7.tokopedia.net/scripts/global.fingerprintjs2.1.4.2.min.js, line 1: Error: WebGL warning: Failed to create WebGL context: WebGL creation failed: 
* Can't use WebGL in headless mode (https://bugzil.la/1375585).
JavaScript warning: https://ecs7.tokopedia.net/scripts/global.fingerprintjs2.1.4.2.min.js, line 1: Error: WebGL warning: Can't use WebGL in headless mode (https://bugzil.la/1375585).
JavaScript warning: https://ecs7.tokopedia.net/scripts/global.fingerprintjs2.1.4.2.min.js, line 1: Error: WebGL warning: Failed to create WebGL context: WebGL creation failed: 
* Can't use WebGL in headless mode (https://bugzil.la/1375585).
1532426508962	geckodriver	INFO	geckodriver 0.20.1
1532426508969	geckodriver	INFO	Listening on 127.0.0.1:54351
1532426512008	mozrunner::runner	INFO	Running command: "C:\\Program Files (x86)\\Mozilla Firefox\\firefox.exe" "-marionette" "-headless" "-profile" "C:\\Users\\Lifull\\AppData\\Local\\Temp\\rust_mozprofile.gfillKSRlbT9"
*** You are running in headless mode.
Unable to read VR Path Registry from C:\Users\Lifull\AppData\Local\openvr\openvrpaths.vrpath
Unable to read VR Path Registry from C:\Users\Lifull\AppData\Local\openvr\openvrpaths.vrpath
Unable to read VR Path Registry from C:\Users\Lifull\AppData\Local\openvr\openvrpaths.vrpath
Unable to read VR Path Registry from C:\Users\Lifull\AppData\Local\openvr\openvrpaths.vrpath
1532426513309	Marionette	INFO	Listening on port 54369
1532426513517	Marionette	WARN	TLS certificate errors will be ignored for this session
JavaScript warning: https://cdn.zarget.com/179700/477681.js, line 3: unreachable code after return statement
JavaScript warning: https://cdn.tokopedia.net/built/assets-201807-22c60065c3a6a5af586f3713d24af536.js, line 1678: unreachable code after return statement
JavaScript warning: https://cdn.tokopedia.net/built/assets-201807-22c60065c3a6a5af586f3713d24af536.js, line 1475: Error: WebGL warning: Can't use WebGL in headless mode (https://bugzil.la/1375585).
JavaScript warning: https://cdn.tokopedia.net/built/assets-201807-22c60065c3a6a5af586f3713d24af536.js, line 1475: Error: WebGL warning: Failed to create WebGL context: WebGL creation failed: 
* Can't use WebGL in headless mode (https://bugzil.la/1375585).
JavaScript warning: https://cdn.tokopedia.net/built/assets-201807-22c60065c3a6a5af586f3713d24af536.js, line 1475: Error: WebGL warning: Can't use WebGL in headless mode (https://bugzil.la/1375585).
JavaScript warning: https://cdn.tokopedia.net/built/assets-201807-22c60065c3a6a5af586f3713d24af536.js, line 1475: Error: WebGL warning: Failed to create WebGL context: WebGL creation failed: 
* Can't use WebGL in headless mode (https://bugzil.la/1375585).
JavaScript warning: https://www.tokopedia.com/ibzhraviuwovypvwxhr.js, line 1: Error: WebGL warning: Can't use WebGL in headless mode (https://bugzil.la/1375585).
JavaScript warning: https://www.tokopedia.com/ibzhraviuwovypvwxhr.js, line 1: Error: WebGL warning: Failed to create WebGL context: WebGL creation failed: 
* Can't use WebGL in headless mode (https://bugzil.la/1375585).
JavaScript warning: https://www.tokopedia.com/ibzhraviuwovypvwxhr.js, line 1: Error: WebGL warning: Can't use WebGL in headless mode (https://bugzil.la/1375585).
JavaScript warning: https://www.tokopedia.com/ibzhraviuwovypvwxhr.js, line 1: Error: WebGL warning: Failed to create WebGL context: WebGL creation failed: 
* Can't use WebGL in headless mode (https://bugzil.la/1375585).
JavaScript warning: https://www.googletagmanager.com/gtag/js?id=DC-8603974, line 69: unreachable code after return statement
JavaScript warning: https://www.googletagmanager.com/gtag/js?id=DC-8603974, line 69: unreachable code after return statement
JavaScript warning: https://ecs7.tokopedia.net/scripts/global.fingerprintjs2.1.4.2.min.js, line 1: Error: WebGL warning: Can't use WebGL in headless mode (https://bugzil.la/1375585).
JavaScript warning: https://ecs7.tokopedia.net/scripts/global.fingerprintjs2.1.4.2.min.js, line 1: Error: WebGL warning: Failed to create WebGL context: WebGL creation failed: 
* Can't use WebGL in headless mode (https://bugzil.la/1375585).
JavaScript warning: https://ecs7.tokopedia.net/scripts/global.fingerprintjs2.1.4.2.min.js, line 1: Error: WebGL warning: Can't use WebGL in headless mode (https://bugzil.la/1375585).
JavaScript warning: https://ecs7.tokopedia.net/scripts/global.fingerprintjs2.1.4.2.min.js, line 1: Error: WebGL warning: Failed to create WebGL context: WebGL creation failed: 
* Can't use WebGL in headless mode (https://bugzil.la/1375585).
JavaScript warning: https://cdn.tokopedia.net/built/e11858506b9142ee56d28349ba6c017c.js, line 675: Error: WebGL warning: Can't use WebGL in headless mode (https://bugzil.la/1375585).
JavaScript warning: https://cdn.tokopedia.net/built/e11858506b9142ee56d28349ba6c017c.js, line 675: Error: WebGL warning: Failed to create WebGL context: WebGL creation failed: 
* Can't use WebGL in headless mode (https://bugzil.la/1375585).
JavaScript warning: https://cdn.tokopedia.net/built/e11858506b9142ee56d28349ba6c017c.js, line 675: Error: WebGL warning: Can't use WebGL in headless mode (https://bugzil.la/1375585).
JavaScript warning: https://cdn.tokopedia.net/built/e11858506b9142ee56d28349ba6c017c.js, line 675: Error: WebGL warning: Failed to create WebGL context: WebGL creation failed: 
* Can't use WebGL in headless mode (https://bugzil.la/1375585).
JavaScript warning: https://accounts.tokopedia.com/ibzhraviuwovypvw.js, line 1: Error: WebGL warning: Can't use WebGL in headless mode (https://bugzil.la/1375585).
JavaScript warning: https://accounts.tokopedia.com/ibzhraviuwovypvw.js, line 1: Error: WebGL warning: Failed to create WebGL context: WebGL creation failed: 
* Can't use WebGL in headless mode (https://bugzil.la/1375585).
JavaScript warning: https://accounts.tokopedia.com/ibzhraviuwovypvw.js, line 1: Error: WebGL warning: Can't use WebGL in headless mode (https://bugzil.la/1375585).
JavaScript warning: https://accounts.tokopedia.com/ibzhraviuwovypvw.js, line 1: Error: WebGL warning: Failed to create WebGL context: WebGL creation failed: 
* Can't use WebGL in headless mode (https://bugzil.la/1375585).
JavaScript warning: https://cdn.tokopedia.net/built/e11858506b9142ee56d28349ba6c017c.js, line 675: Error: WebGL warning: Can't use WebGL in headless mode (https://bugzil.la/1375585).
JavaScript warning: https://cdn.tokopedia.net/built/e11858506b9142ee56d28349ba6c017c.js, line 675: Error: WebGL warning: Failed to create WebGL context: WebGL creation failed: 
* Can't use WebGL in headless mode (https://bugzil.la/1375585).
JavaScript warning: https://cdn.tokopedia.net/built/e11858506b9142ee56d28349ba6c017c.js, line 675: Error: WebGL warning: Can't use WebGL in headless mode (https://bugzil.la/1375585).
JavaScript warning: https://cdn.tokopedia.net/built/e11858506b9142ee56d28349ba6c017c.js, line 675: Error: WebGL warning: Failed to create WebGL context: WebGL creation failed: 
* Can't use WebGL in headless mode (https://bugzil.la/1375585).
JavaScript error: https://accounts.tokopedia.com/ibzhraviuwovypvw.js, line 1: NS_ERROR_FAILURE: 
JavaScript warning: https://www.googletagmanager.com/gtag/js?id=DC-8603974, line 69: unreachable code after return statement
JavaScript warning: https://www.googletagmanager.com/gtag/js?id=DC-8603974, line 69: unreachable code after return statement
JavaScript warning: https://ecs7.tokopedia.net/scripts/global.fingerprintjs2.1.4.2.min.js, line 1: Error: WebGL warning: Can't use WebGL in headless mode (https://bugzil.la/1375585).
JavaScript warning: https://ecs7.tokopedia.net/scripts/global.fingerprintjs2.1.4.2.min.js, line 1: Error: WebGL warning: Failed to create WebGL context: WebGL creation failed: 
* Can't use WebGL in headless mode (https://bugzil.la/1375585).
JavaScript warning: https://ecs7.tokopedia.net/scripts/global.fingerprintjs2.1.4.2.min.js, line 1: Error: WebGL warning: Can't use WebGL in headless mode (https://bugzil.la/1375585).
JavaScript warning: https://ecs7.tokopedia.net/scripts/global.fingerprintjs2.1.4.2.min.js, line 1: Error: WebGL warning: Failed to create WebGL context: WebGL creation failed: 
* Can't use WebGL in headless mode (https://bugzil.la/1375585).
1532426720666	geckodriver	INFO	geckodriver 0.20.1
1532426720673	geckodriver	INFO	Listening on 127.0.0.1:55252
1532426723713	mozrunner::runner	INFO	Running command: "C:\\Program Files (x86)\\Mozilla Firefox\\firefox.exe" "-marionette" "-headless" "-profile" "C:\\Users\\Lifull\\AppData\\Local\\Temp\\rust_mozprofile.pI8oaUC4eriE"
*** You are running in headless mode.
Unable to read VR Path Registry from C:\Users\Lifull\AppData\Local\openvr\openvrpaths.vrpath
Unable to read VR Path Registry from C:\Users\Lifull\AppData\Local\openvr\openvrpaths.vrpath
Unable to read VR Path Registry from C:\Users\Lifull\AppData\Local\openvr\openvrpaths.vrpath
Unable to read VR Path Registry from C:\Users\Lifull\AppData\Local\openvr\openvrpaths.vrpath
1532426724965	Marionette	INFO	Listening on port 55271
1532426725233	Marionette	WARN	TLS certificate errors will be ignored for this session
1532426759247	geckodriver	INFO	geckodriver 0.20.1
1532426759254	geckodriver	INFO	Listening on 127.0.0.1:55440
1532426762293	mozrunner::runner	INFO	Running command: "C:\\Program Files (x86)\\Mozilla Firefox\\firefox.exe" "-marionette" "-headless" "-profile" "C:\\Users\\Lifull\\AppData\\Local\\Temp\\rust_mozprofile.0dsRqJfF5rez"
*** You are running in headless mode.
Unable to read VR Path Registry from C:\Users\Lifull\AppData\Local\openvr\openvrpaths.vrpath
Unable to read VR Path Registry from C:\Users\Lifull\AppData\Local\openvr\openvrpaths.vrpath
Unable to read VR Path Registry from C:\Users\Lifull\AppData\Local\openvr\openvrpaths.vrpath
Unable to read VR Path Registry from C:\Users\Lifull\AppData\Local\openvr\openvrpaths.vrpath
1532426763865	Marionette	INFO	Listening on port 55460
1532426764307	Marionette	WARN	TLS certificate errors will be ignored for this session
1532426797901	geckodriver	INFO	geckodriver 0.20.1
1532426797909	geckodriver	INFO	Listening on 127.0.0.1:55630
1532426800936	mozrunner::runner	INFO	Running command: "C:\\Program Files (x86)\\Mozilla Firefox\\firefox.exe" "-marionette" "-headless" "-profile" "C:\\Users\\Lifull\\AppData\\Local\\Temp\\rust_mozprofile.beJctQwQOuvy"
*** You are running in headless mode.
Unable to read VR Path Registry from C:\Users\Lifull\AppData\Local\openvr\openvrpaths.vrpath
Unable to read VR Path Registry from C:\Users\Lifull\AppData\Local\openvr\openvrpaths.vrpath
Unable to read VR Path Registry from UC:\Users\Lifull\AppData\Local\openvr\openvrpaths.vrpathnable to read VR Path Registry from 
C:\Users\Lifull\AppData\Local\openvr\openvrpaths.vrpath
1532426802625	Marionette	INFO	Listening on port 55650
1532426802943	Marionette	WARN	TLS certificate errors will be ignored for this session
[GFX1-]: Receive IPC close with reason=AbnormalShutdown
827395	geckodriver	INFO	Listening on 127.0.0.1:55792
1532426830438	mozrunner::runner	INFO	Running command: "C:\\Program Files (x86)\\Mozilla Firefox\\firefox.exe" "-marionette" "-headless" "-profile" "C:\\Users\\Lifull\\AppData\\Local\\Temp\\rust_mozprofile.eBv9TIO2XGub"
*** You are running in headless mode.
Unable to read VR Path Registry from C:\Users\Lifull\AppData\Local\openvr\openvrpaths.vrpath
Unable to read VR Path Registry from C:\Users\Lifull\AppData\Local\openvr\openvrpaths.vrpath
Unable to read VR Path Registry from C:\Users\Lifull\AppData\Local\openvr\openvrpaths.vrpath
Unable to read VR Path Registry from C:\Users\Lifull\AppData\Local\openvr\openvrpaths.vrpath
1532426832172	Marionette	INFO	Listening on port 55810
1532426832447	Marionette	WARN	TLS certificate errors will be ignored for this session
1532426860345	geckodriver	INFO	geckodriver 0.20.1
1532426860352	geckodriver	INFO	Listening on 127.0.0.1:55958
1532426863401	mozrunner::runner	INFO	Running command: "C:\\Program Files (x86)\\Mozilla Firefox\\firefox.exe" "-marionette" "-headless" "-profile" "C:\\Users\\Lifull\\AppData\\Local\\Temp\\rust_mozprofile.ykm8KjVg9ALt"
*** You are running in headless mode.
Unable to read VR Path Registry from C:\Users\Lifull\AppData\Local\openvr\openvrpaths.vrpath
Unable to read VR Path Registry from C:\Users\Lifull\AppData\Local\openvr\openvrpaths.vrpath
Unable to read VR Path Registry from C:\Users\Lifull\AppData\Local\openvr\openvrpaths.vrpath
Unable to read VR Path Registry from C:\Users\Lifull\AppData\Local\openvr\openvrpaths.vrpath
1532426865293	Marionette	INFO	Listening on port 55977
1532426865420	Marionette	WARN	TLS certificate errors will be ignored for this session
